[ 2016-11-28T08:56:33+08:00 ] ::1 /xgxAD/index.php/Home/Index/detail/id/redbag-record.html
ERR: 1054:Unknown column 'redbag' in 'where clause'
 [ SQL语句 ] : SELECT * FROM `xgx_fb` WHERE ( id=redbag-record ) LIMIT 1  

[ 2016-11-28T09:15:17+08:00 ] ::1 /xgxAD/index.php/Home/Index/getAreaByAreaId.html
INFO: [ app_begin ] --START--
INFO: Run Behavior\ReadHtmlCacheBehavior [ RunTime:0.000000s ]
INFO: [ app_begin ] --END-- [ RunTime:0.001000s ]
SQL: SHOW COLUMNS FROM `xgx_area` [ RunTime:0.0030s ]
SQL: SELECT * FROM `xgx_area` WHERE `parent_id` = 13  [ RunTime:0.0030s ]

[ 2016-11-28T09:15:19+08:00 ] ::1 /xgxAD/index.php/Home/Index/getAreaByAreaId.html
INFO: [ app_begin ] --START--
INFO: Run Behavior\ReadHtmlCacheBehavior [ RunTime:0.000000s ]
INFO: [ app_begin ] --END-- [ RunTime:0.000000s ]
SQL: SHOW COLUMNS FROM `xgx_area` [ RunTime:0.0040s ]
SQL: SELECT * FROM `xgx_area` WHERE `parent_id` = 195  [ RunTime:0.0050s ]

[ 2016-11-28T09:35:37+08:00 ] ::1 /xgxAD/index.php/Home/Index/getAreaByAreaId.html
INFO: [ app_begin ] --START--
INFO: Run Behavior\ReadHtmlCacheBehavior [ RunTime:0.001000s ]
INFO: [ app_begin ] --END-- [ RunTime:0.001000s ]
SQL: SHOW COLUMNS FROM `xgx_area` [ RunTime:0.0040s ]
SQL: SELECT * FROM `xgx_area` WHERE `parent_id` = 20  [ RunTime:0.0020s ]

[ 2016-11-28T09:35:40+08:00 ] ::1 /xgxAD/index.php/Home/Index/getAreaByAreaId.html
INFO: [ app_begin ] --START--
INFO: Run Behavior\ReadHtmlCacheBehavior [ RunTime:0.001000s ]
INFO: [ app_begin ] --END-- [ RunTime:0.001000s ]
SQL: SHOW COLUMNS FROM `xgx_area` [ RunTime:0.0040s ]
SQL: SELECT * FROM `xgx_area` WHERE `parent_id` = 270  [ RunTime:0.0030s ]

