[ 2016-11-25T12:27:48+08:00 ] ::1 /xgxAD/index.php/Home/Index/detail.html
ERR: 1064:You have an error in your SQL syntax; check the manual that corresponds to your MySQL server version for the right syntax to use near ') LIMIT 1' at line 1
 [ SQL语句 ] : SELECT * FROM `xgx_fb` WHERE ( id= ) LIMIT 1  

[ 2016-11-25T14:19:23+08:00 ] ::1 /xgxAD/index.php/Home/User/person-center.html
ERR: 非法操作:person-center

[ 2016-11-25T14:20:07+08:00 ] ::1 /xgxAD/index.php/Home/User/person-center.html
ERR: 非法操作:person-center

[ 2016-11-25T14:20:36+08:00 ] ::1 /xgxAD/index.php/Home/User/person-center.html
ERR: 非法操作:person-center

[ 2016-11-25T14:22:04+08:00 ] ::1 /xgxAD/index.php/Home/User/person-center.html
ERR: 非法操作:person-center

[ 2016-11-25T14:22:05+08:00 ] ::1 /xgxAD/index.php/Home/User/person-center.html
ERR: 非法操作:person-center

[ 2016-11-25T14:22:06+08:00 ] ::1 /xgxAD/index.php/Home/User/person-center.html
ERR: 非法操作:person-center

[ 2016-11-25T14:22:18+08:00 ] ::1 /xgxAD/index.php/Home/User/person-center.html
ERR: 非法操作:person-center

[ 2016-11-25T14:22:46+08:00 ] ::1 /xgxAD/index.php/Home/User/person-center.html
ERR: 非法操作:person-center

[ 2016-11-25T14:23:10+08:00 ] ::1 /xgxAD/index.php/Home/User/person-center.html
ERR: 非法操作:person-center

[ 2016-11-25T14:24:07+08:00 ] ::1 /xgxAD/index.php/Home/User/person-center.html
ERR: 非法操作:person-center

[ 2016-11-25T14:24:23+08:00 ] ::1 /xgxAD/index.php/Home/User/person-center.html
ERR: 非法操作:person-center

[ 2016-11-25T14:25:15+08:00 ] ::1 /xgxAD/index.php/Home/User/person-center.html
ERR: 非法操作:person-center

[ 2016-11-25T14:26:34+08:00 ] ::1 /xgxAD/index.php/Home/User/person-center.html
ERR: 非法操作:person-center

[ 2016-11-25T14:27:15+08:00 ] ::1 /xgxAD/index.php/Home/User/person-center.html
ERR: 非法操作:person-center

[ 2016-11-25T14:27:16+08:00 ] ::1 /xgxAD/index.php/Home/User/person-center.html
ERR: 非法操作:person-center

[ 2016-11-25T14:27:33+08:00 ] ::1 /xgxAD/index.php/Home/User/person-center.html
ERR: 非法操作:person-center

[ 2016-11-25T14:30:04+08:00 ] ::1 /xgxAD/index.php/Home/User/person-center.html
ERR: 非法操作:person-center

[ 2016-11-25T14:30:05+08:00 ] ::1 /xgxAD/index.php/Home/User/person-center.html
ERR: 非法操作:person-center

[ 2016-11-25T14:30:08+08:00 ] ::1 /xgxAD/index.php/Home/User/person-center.html
ERR: 非法操作:person-center

[ 2016-11-25T14:30:24+08:00 ] ::1 /xgxAD/index.php/Home/User/localhost/xgxAD/index.php/Home/User/center
ERR: 非法操作:localhost

[ 2016-11-25T14:30:40+08:00 ] ::1 /xgxAD/index.php/Home/User/localhost/xgxAD/index.php/Home/User/center
ERR: 非法操作:localhost

[ 2016-11-25T14:30:41+08:00 ] ::1 /xgxAD/index.php/Home/User/localhost/xgxAD/index.php/Home/User/center
ERR: 非法操作:localhost

[ 2016-11-25T14:30:42+08:00 ] ::1 /xgxAD/index.php/Home/User/localhost/xgxAD/index.php/Home/User/center
ERR: 非法操作:localhost

[ 2016-11-25T14:30:52+08:00 ] ::1 /xgxAD/index.php/Home/User/person-center.html
ERR: 非法操作:person-center

[ 2016-11-25T14:33:39+08:00 ] ::1 /xgxAD/index.php/Home/User/person-center.html
ERR: 非法操作:person-center

[ 2016-11-25T14:33:42+08:00 ] ::1 /xgxAD/index.php/Home/User/person-center.html
ERR: 非法操作:person-center

[ 2016-11-25T14:38:22+08:00 ] ::1 /xgxAD/index.php/Home/User/interest.html
ERR: 模板不存在:./Application/Home/View/User/interest.html

