[ 2016-12-07T09:18:55+08:00 ] 127.0.0.1 /index.php/Home/Index/doAjax.html
INFO: [ app_begin ] --START--
INFO: Run Behavior\ReadHtmlCacheBehavior [ RunTime:0.000000s ]
INFO: [ app_begin ] --END-- [ RunTime:0.000000s ]
SQL: SHOW COLUMNS FROM `xgx_answer` [ RunTime:0.0040s ]
SQL: INSERT INTO `xgx_answer` (`answer1`,`answer2`,`answer3`,`question`,`isright`) VALUES ('答案1正确','答案2','答案3','问题n','答案1正确') [ RunTime:0.0290s ]
INFO: [ app_end ] --START--
INFO: Run Behavior\ShowPageTraceBehavior [ RunTime:0.001000s ]
INFO: [ app_end ] --END-- [ RunTime:0.001000s ]

[ 2016-12-07T09:37:09+08:00 ] 127.0.0.1 /index.php/Home/Index/getAreaByAreaId.html
INFO: [ app_begin ] --START--
INFO: Run Behavior\ReadHtmlCacheBehavior [ RunTime:0.001000s ]
INFO: [ app_begin ] --END-- [ RunTime:0.001000s ]
SQL: SHOW COLUMNS FROM `xgx_area` [ RunTime:0.0030s ]
SQL: SELECT * FROM `xgx_area` WHERE `parent_id` = 20  [ RunTime:0.0030s ]

[ 2016-12-07T09:37:12+08:00 ] 127.0.0.1 /index.php/Home/Index/getAreaByAreaId.html
INFO: [ app_begin ] --START--
INFO: Run Behavior\ReadHtmlCacheBehavior [ RunTime:0.000000s ]
INFO: [ app_begin ] --END-- [ RunTime:0.001000s ]
SQL: SHOW COLUMNS FROM `xgx_area` [ RunTime:0.0030s ]
SQL: SELECT * FROM `xgx_area` WHERE `parent_id` = 271  [ RunTime:0.0030s ]

[ 2016-12-07T09:37:32+08:00 ] 127.0.0.1 /index.php/Home/Index/doAjax.html
INFO: [ app_begin ] --START--
INFO: Run Behavior\ReadHtmlCacheBehavior [ RunTime:0.000000s ]
INFO: [ app_begin ] --END-- [ RunTime:0.001000s ]
SQL: SHOW COLUMNS FROM `xgx_answer` [ RunTime:0.0030s ]
SQL: INSERT INTO `xgx_answer` (`answer1`,`answer2`,`answer3`,`question`,`isright`) VALUES ('旗下有许多子公司','涉及很多行业','目前在电商领域有一定发展','星购享是一个牛逼的公司','目前在电商领域有一定发展') [ RunTime:0.0360s ]
INFO: [ app_end ] --START--
INFO: Run Behavior\ShowPageTraceBehavior [ RunTime:0.000000s ]
INFO: [ app_end ] --END-- [ RunTime:0.000000s ]

[ 2016-12-07T09:39:31+08:00 ] 127.0.0.1 /index.php/Home/Index/doAjax.html
INFO: [ app_begin ] --START--
INFO: Run Behavior\ReadHtmlCacheBehavior [ RunTime:0.000000s ]
INFO: [ app_begin ] --END-- [ RunTime:0.000000s ]
SQL: SHOW COLUMNS FROM `xgx_answer` [ RunTime:0.0030s ]
NOTIC: [8] Undefined index: answer2` D:\phpStudy\WWW\xgxAD\Application\Home\Controller\IndexController.class.php 第 67 行.
ERR: 1048:Column 'isright' cannot be null
 [ SQL语句 ] : INSERT INTO `xgx_answer` (`answer1`,`answer2`,`answer3`,`question`,`add_time`,`isright`) VALUES ('答案1','答案2正确','答案三','问题1','1481074769',NULL)
ERR: 1048:Column 'isright' cannot be null
 [ SQL语句 ] : INSERT INTO `xgx_answer` (`answer1`,`answer2`,`answer3`,`question`,`add_time`,`isright`) VALUES ('答案1','答案2正确','答案三','问题1','1481074769',NULL)

[ 2016-12-07T09:41:35+08:00 ] 127.0.0.1 /index.php/Home/Index/doAjax.html
INFO: [ app_begin ] --START--
INFO: Run Behavior\ReadHtmlCacheBehavior [ RunTime:0.000000s ]
INFO: [ app_begin ] --END-- [ RunTime:0.000000s ]
SQL: SHOW COLUMNS FROM `xgx_answer` [ RunTime:0.0030s ]
INFO: [ app_end ] --START--
INFO: Run Behavior\ShowPageTraceBehavior [ RunTime:0.001001s ]
INFO: [ app_end ] --END-- [ RunTime:0.001001s ]

[ 2016-12-07T09:42:04+08:00 ] 127.0.0.1 /index.php/Home/Index/doAjax.html
INFO: [ app_begin ] --START--
INFO: Run Behavior\ReadHtmlCacheBehavior [ RunTime:0.000000s ]
INFO: [ app_begin ] --END-- [ RunTime:0.001000s ]
SQL: SHOW COLUMNS FROM `xgx_answer` [ RunTime:0.0030s ]
INFO: [ app_end ] --START--
INFO: Run Behavior\ShowPageTraceBehavior [ RunTime:0.000000s ]
INFO: [ app_end ] --END-- [ RunTime:0.000000s ]

[ 2016-12-07T09:43:36+08:00 ] 127.0.0.1 /index.php/Home/Index/doAjax.html
INFO: [ app_begin ] --START--
INFO: Run Behavior\ReadHtmlCacheBehavior [ RunTime:0.001000s ]
INFO: [ app_begin ] --END-- [ RunTime:0.001000s ]
SQL: SHOW COLUMNS FROM `xgx_answer` [ RunTime:0.0030s ]
INFO: [ app_end ] --START--
INFO: Run Behavior\ShowPageTraceBehavior [ RunTime:0.000000s ]
INFO: [ app_end ] --END-- [ RunTime:0.000000s ]

[ 2016-12-07T09:44:16+08:00 ] 127.0.0.1 /index.php/Home/Index/doAjax.html
INFO: [ app_begin ] --START--
INFO: Run Behavior\ReadHtmlCacheBehavior [ RunTime:0.000000s ]
INFO: [ app_begin ] --END-- [ RunTime:0.001000s ]
SQL: SHOW COLUMNS FROM `xgx_answer` [ RunTime:0.0020s ]
NOTIC: [8] Undefined index: answer2` D:\phpStudy\WWW\xgxAD\Application\Home\Controller\IndexController.class.php 第 68 行.
ERR: 1048:Column 'isright' cannot be null
 [ SQL语句 ] : INSERT INTO `xgx_answer` (`answer1`,`answer2`,`answer3`,`question`,`isright`) VALUES ('','我的','','我的',NULL)
ERR: 1048:Column 'isright' cannot be null
 [ SQL语句 ] : INSERT INTO `xgx_answer` (`answer1`,`answer2`,`answer3`,`question`,`isright`) VALUES ('','我的','','我的',NULL)

[ 2016-12-07T09:46:53+08:00 ] 127.0.0.1 /index.php/Home/Index/doAjax.html
INFO: [ app_begin ] --START--
INFO: Run Behavior\ReadHtmlCacheBehavior [ RunTime:0.000000s ]
INFO: [ app_begin ] --END-- [ RunTime:0.001000s ]
SQL: SHOW COLUMNS FROM `xgx_answer` [ RunTime:0.0040s ]
NOTIC: [8] Undefined index: answer2` D:\phpStudy\WWW\xgxAD\Application\Home\Controller\IndexController.class.php 第 68 行.
ERR: 1048:Column 'isright' cannot be null
 [ SQL语句 ] : INSERT INTO `xgx_answer` (`answer1`,`answer2`,`answer3`,`question`,`isright`) VALUES ('yuuiuto ','uoiytuyi','oyt8tyuiot','铺吗吗',NULL)
ERR: 1048:Column 'isright' cannot be null
 [ SQL语句 ] : INSERT INTO `xgx_answer` (`answer1`,`answer2`,`answer3`,`question`,`isright`) VALUES ('yuuiuto ','uoiytuyi','oyt8tyuiot','铺吗吗',NULL)

[ 2016-12-07T09:47:25+08:00 ] 127.0.0.1 /index.php/Home/Index/doAjax.html
INFO: [ app_begin ] --START--
INFO: Run Behavior\ReadHtmlCacheBehavior [ RunTime:0.000000s ]
INFO: [ app_begin ] --END-- [ RunTime:0.000000s ]
SQL: SHOW COLUMNS FROM `xgx_answer` [ RunTime:0.0030s ]
INFO: [ app_end ] --START--
INFO: Run Behavior\ShowPageTraceBehavior [ RunTime:0.001000s ]
INFO: [ app_end ] --END-- [ RunTime:0.001000s ]

[ 2016-12-07T09:48:41+08:00 ] 127.0.0.1 /index.php/Home/Index/doAjax.html
INFO: [ app_begin ] --START--
INFO: Run Behavior\ReadHtmlCacheBehavior [ RunTime:0.000000s ]
INFO: [ app_begin ] --END-- [ RunTime:0.000000s ]

[ 2016-12-07T09:49:29+08:00 ] 127.0.0.1 /index.php/Home/Index/doAjax.html
INFO: [ app_begin ] --START--
INFO: Run Behavior\ReadHtmlCacheBehavior [ RunTime:0.001000s ]
INFO: [ app_begin ] --END-- [ RunTime:0.001000s ]
SQL: SHOW COLUMNS FROM `xgx_answer` [ RunTime:0.0030s ]
NOTIC: [8] Undefined index: answer2` D:\phpStudy\WWW\xgxAD\Application\Home\Controller\IndexController.class.php 第 69 行.
ERR: 1048:Column 'isright' cannot be null
 [ SQL语句 ] : INSERT INTO `xgx_answer` (`answer1`,`answer2`,`answer3`,`question`,`isright`) VALUES ('好交换机发过','','','好交换机发过',NULL)
ERR: 1048:Column 'isright' cannot be null
 [ SQL语句 ] : INSERT INTO `xgx_answer` (`answer1`,`answer2`,`answer3`,`question`,`isright`) VALUES ('好交换机发过','','','好交换机发过',NULL)

[ 2016-12-07T09:49:50+08:00 ] 127.0.0.1 /index.php/Home/Index/doAjax.html
INFO: [ app_begin ] --START--
INFO: Run Behavior\ReadHtmlCacheBehavior [ RunTime:0.000000s ]
INFO: [ app_begin ] --END-- [ RunTime:0.001000s ]
SQL: SHOW COLUMNS FROM `xgx_answer` [ RunTime:0.0030s ]
SQL: INSERT INTO `xgx_answer` (`answer1`,`answer2`,`answer3`,`question`,`isright`) VALUES ('欧尼','','','7亏','欧尼') [ RunTime:0.0340s ]
INFO: [ app_end ] --START--
INFO: Run Behavior\ShowPageTraceBehavior [ RunTime:0.001000s ]
INFO: [ app_end ] --END-- [ RunTime:0.001000s ]

[ 2016-12-07T09:51:30+08:00 ] 127.0.0.1 /index.php/Home/Index/doAjax.html
INFO: [ app_begin ] --START--
INFO: Run Behavior\ReadHtmlCacheBehavior [ RunTime:0.000000s ]
INFO: [ app_begin ] --END-- [ RunTime:0.000000s ]
SQL: SHOW COLUMNS FROM `xgx_answer` [ RunTime:0.0040s ]
NOTIC: [8] Undefined index: answer2` D:\phpStudy\WWW\xgxAD\Application\Home\Controller\IndexController.class.php 第 69 行.
ERR: 1048:Column 'isright' cannot be null
 [ SQL语句 ] : INSERT INTO `xgx_answer` (`answer1`,`answer2`,`answer3`,`question`,`add_time`,`isright`) VALUES ('答案1','答案2','答案3','问题1','1481075489',NULL)
ERR: 1048:Column 'isright' cannot be null
 [ SQL语句 ] : INSERT INTO `xgx_answer` (`answer1`,`answer2`,`answer3`,`question`,`add_time`,`isright`) VALUES ('答案1','答案2','答案3','问题1','1481075489',NULL)

[ 2016-12-07T09:52:35+08:00 ] 127.0.0.1 /index.php/Home/Index/doAjax.html
INFO: [ app_begin ] --START--
INFO: Run Behavior\ReadHtmlCacheBehavior [ RunTime:0.000000s ]
INFO: [ app_begin ] --END-- [ RunTime:0.000000s ]
SQL: SHOW COLUMNS FROM `xgx_answer` [ RunTime:0.0030s ]
SQL: INSERT INTO `xgx_answer` (`answer1`,`answer2`,`answer3`,`question`,`add_time`,`isright`) VALUES ('','','','','1481075554','') [ RunTime:0.0390s ]
INFO: [ app_end ] --START--
INFO: Run Behavior\ShowPageTraceBehavior [ RunTime:0.000000s ]
INFO: [ app_end ] --END-- [ RunTime:0.000000s ]

[ 2016-12-07T09:58:02+08:00 ] 127.0.0.1 /index.php/Home/Index/doAjax.html
INFO: [ app_begin ] --START--
INFO: Run Behavior\ReadHtmlCacheBehavior [ RunTime:0.001000s ]
INFO: [ app_begin ] --END-- [ RunTime:0.001000s ]
SQL: SHOW COLUMNS FROM `xgx_answer` [ RunTime:0.0030s ]
SQL: INSERT INTO `xgx_answer` (`answer1`,`answer2`,`answer3`,`question`,`add_time`,`isright`) VALUES ('观复嘟嘟分公司答复','给对方水电费水电费','广东佛山打发打发','而冯绍峰的股份的故事vb','1481075881','观复嘟嘟分公司答复') [ RunTime:0.0420s ]
INFO: [ app_end ] --START--
INFO: Run Behavior\ShowPageTraceBehavior [ RunTime:0.000000s ]
INFO: [ app_end ] --END-- [ RunTime:0.000000s ]

[ 2016-12-07T09:58:30+08:00 ] 127.0.0.1 /index.php/Home/Index/doAjax.html
INFO: [ app_begin ] --START--
INFO: Run Behavior\ReadHtmlCacheBehavior [ RunTime:0.000000s ]
INFO: [ app_begin ] --END-- [ RunTime:0.001001s ]
SQL: SHOW COLUMNS FROM `xgx_answer` [ RunTime:0.0040s ]
SQL: INSERT INTO `xgx_answer` (`answer1`,`answer2`,`answer3`,`question`,`add_time`,`isright`) VALUES ('vfdsvsdf','地方vfd','委屈委屈翁','vfddfvvfd','1481075909','委屈委屈翁') [ RunTime:0.0340s ]
INFO: [ app_end ] --START--
INFO: Run Behavior\ShowPageTraceBehavior [ RunTime:0.001000s ]
INFO: [ app_end ] --END-- [ RunTime:0.001000s ]

[ 2016-12-07T10:00:01+08:00 ] 127.0.0.1 /index.php/Home/Index/getAreaByAreaId.html
INFO: [ app_begin ] --START--
INFO: Run Behavior\ReadHtmlCacheBehavior [ RunTime:0.001000s ]
INFO: [ app_begin ] --END-- [ RunTime:0.001000s ]
SQL: SHOW COLUMNS FROM `xgx_area` [ RunTime:0.0030s ]
SQL: SELECT * FROM `xgx_area` WHERE `parent_id` = 5  [ RunTime:0.0030s ]

[ 2016-12-07T10:00:03+08:00 ] 127.0.0.1 /index.php/Home/Index/getAreaByAreaId.html
INFO: [ app_begin ] --START--
INFO: Run Behavior\ReadHtmlCacheBehavior [ RunTime:0.000000s ]
INFO: [ app_begin ] --END-- [ RunTime:0.001000s ]
SQL: SHOW COLUMNS FROM `xgx_area` [ RunTime:0.0030s ]
SQL: SELECT * FROM `xgx_area` WHERE `parent_id` = 65  [ RunTime:0.0020s ]

[ 2016-12-07T10:00:14+08:00 ] 127.0.0.1 /index.php/Home/Index/doAjax.html
INFO: [ app_begin ] --START--
INFO: Run Behavior\ReadHtmlCacheBehavior [ RunTime:0.000000s ]
INFO: [ app_begin ] --END-- [ RunTime:0.001000s ]
SQL: SHOW COLUMNS FROM `xgx_answer` [ RunTime:0.0040s ]
SQL: INSERT INTO `xgx_answer` (`answer1`,`answer2`,`answer3`,`question`,`add_time`,`isright`) VALUES ('答案1','答案2','答案3','测试问题','1481076013','答案3') [ RunTime:0.0270s ]
INFO: [ app_end ] --START--
INFO: Run Behavior\ShowPageTraceBehavior [ RunTime:0.000000s ]
INFO: [ app_end ] --END-- [ RunTime:0.000000s ]

[ 2016-12-07T10:01:50+08:00 ] 127.0.0.1 /index.php/Home/Index/getAreaByAreaId.html
INFO: [ app_begin ] --START--
INFO: Run Behavior\ReadHtmlCacheBehavior [ RunTime:0.000000s ]
INFO: [ app_begin ] --END-- [ RunTime:0.001001s ]
SQL: SHOW COLUMNS FROM `xgx_area` [ RunTime:0.0030s ]
SQL: SELECT * FROM `xgx_area` WHERE `parent_id` = 4  [ RunTime:0.0030s ]

[ 2016-12-07T10:01:51+08:00 ] 127.0.0.1 /index.php/Home/Index/doAjax.html
INFO: [ app_begin ] --START--
INFO: Run Behavior\ReadHtmlCacheBehavior [ RunTime:0.000000s ]
INFO: [ app_begin ] --END-- [ RunTime:0.000000s ]
SQL: SHOW COLUMNS FROM `xgx_answer` [ RunTime:0.0040s ]
INFO: [ app_end ] --START--
INFO: Run Behavior\ShowPageTraceBehavior [ RunTime:0.000000s ]
INFO: [ app_end ] --END-- [ RunTime:0.000000s ]

[ 2016-12-07T10:09:26+08:00 ] 127.0.0.1 /index.php/Home/Index/getAreaByAreaId.html
INFO: [ app_begin ] --START--
INFO: Run Behavior\ReadHtmlCacheBehavior [ RunTime:0.000000s ]
INFO: [ app_begin ] --END-- [ RunTime:0.000000s ]
SQL: SHOW COLUMNS FROM `xgx_area` [ RunTime:0.0030s ]
SQL: SELECT * FROM `xgx_area` WHERE `parent_id` = 3  [ RunTime:0.0030s ]

[ 2016-12-07T10:09:29+08:00 ] 127.0.0.1 /index.php/Home/Index/getAreaByAreaId.html
INFO: [ app_begin ] --START--
INFO: Run Behavior\ReadHtmlCacheBehavior [ RunTime:0.000000s ]
INFO: [ app_begin ] --END-- [ RunTime:0.001000s ]
SQL: SHOW COLUMNS FROM `xgx_area` [ RunTime:0.0030s ]
SQL: SELECT * FROM `xgx_area` WHERE `parent_id` = 41  [ RunTime:0.0030s ]

[ 2016-12-07T10:09:31+08:00 ] 127.0.0.1 /index.php/Home/Index/doAjax.html
INFO: [ app_begin ] --START--
INFO: Run Behavior\ReadHtmlCacheBehavior [ RunTime:0.000000s ]
INFO: [ app_begin ] --END-- [ RunTime:0.001000s ]
SQL: SHOW COLUMNS FROM `xgx_answer` [ RunTime:0.0030s ]
NOTIC: [8] Undefined variable: province D:\phpStudy\WWW\xgxAD\Application\Home\Controller\IndexController.class.php 第 54 行.
INFO: [ app_end ] --START--
INFO: Run Behavior\ShowPageTraceBehavior [ RunTime:0.000000s ]
INFO: [ app_end ] --END-- [ RunTime:0.000000s ]

[ 2016-12-07T10:10:42+08:00 ] 127.0.0.1 /index.php/Home/Index/getAreaByAreaId.html
INFO: [ app_begin ] --START--
INFO: Run Behavior\ReadHtmlCacheBehavior [ RunTime:0.001000s ]
INFO: [ app_begin ] --END-- [ RunTime:0.001000s ]
SQL: SHOW COLUMNS FROM `xgx_area` [ RunTime:0.0030s ]
SQL: SELECT * FROM `xgx_area` WHERE `parent_id` = 4  [ RunTime:0.0030s ]

[ 2016-12-07T10:10:44+08:00 ] 127.0.0.1 /index.php/Home/Index/getAreaByAreaId.html
INFO: [ app_begin ] --START--
INFO: Run Behavior\ReadHtmlCacheBehavior [ RunTime:0.001000s ]
INFO: [ app_begin ] --END-- [ RunTime:0.001000s ]
SQL: SHOW COLUMNS FROM `xgx_area` [ RunTime:0.0030s ]
SQL: SELECT * FROM `xgx_area` WHERE `parent_id` = 54  [ RunTime:0.0030s ]

[ 2016-12-07T10:10:48+08:00 ] 127.0.0.1 /index.php/Home/Index/doAjax.html
INFO: [ app_begin ] --START--
INFO: Run Behavior\ReadHtmlCacheBehavior [ RunTime:0.000000s ]
INFO: [ app_begin ] --END-- [ RunTime:0.001000s ]
SQL: SHOW COLUMNS FROM `xgx_answer` [ RunTime:0.0030s ]
NOTIC: [8] Undefined variable: province D:\phpStudy\WWW\xgxAD\Application\Home\Controller\IndexController.class.php 第 54 行.
INFO: [ app_end ] --START--
INFO: Run Behavior\ShowPageTraceBehavior [ RunTime:0.000000s ]
INFO: [ app_end ] --END-- [ RunTime:0.000000s ]

[ 2016-12-07T10:11:53+08:00 ] 127.0.0.1 /index.php/Home/Index/getAreaByAreaId.html
INFO: [ app_begin ] --START--
INFO: Run Behavior\ReadHtmlCacheBehavior [ RunTime:0.001000s ]
INFO: [ app_begin ] --END-- [ RunTime:0.001000s ]
SQL: SHOW COLUMNS FROM `xgx_area` [ RunTime:0.0030s ]
SQL: SELECT * FROM `xgx_area` WHERE `parent_id` = 7  [ RunTime:0.0030s ]

[ 2016-12-07T10:11:55+08:00 ] 127.0.0.1 /index.php/Home/Index/getAreaByAreaId.html
INFO: [ app_begin ] --START--
INFO: Run Behavior\ReadHtmlCacheBehavior [ RunTime:0.000000s ]
INFO: [ app_begin ] --END-- [ RunTime:0.000000s ]
SQL: SHOW COLUMNS FROM `xgx_area` [ RunTime:0.0030s ]
SQL: SELECT * FROM `xgx_area` WHERE `parent_id` = 98  [ RunTime:0.0030s ]

[ 2016-12-07T10:11:58+08:00 ] 127.0.0.1 /index.php/Home/Index/doAjax.html
INFO: [ app_begin ] --START--
INFO: Run Behavior\ReadHtmlCacheBehavior [ RunTime:0.001000s ]
INFO: [ app_begin ] --END-- [ RunTime:0.001000s ]
SQL: SHOW COLUMNS FROM `xgx_answer` [ RunTime:0.2050s ]
NOTIC: [8] Undefined variable: province D:\phpStudy\WWW\xgxAD\Application\Home\Controller\IndexController.class.php 第 54 行.
SQL: INSERT INTO `xgx_answer` (`answer1`,`answer2`,`answer3`,`question`,`add_time`,`province_id`,`city_id`,`district_id`,`isright`) VALUES ('一体化合议庭','','','54给吧','1481076717','7','98','869','') [ RunTime:0.0930s ]
INFO: [ app_end ] --START--
INFO: Run Behavior\ShowPageTraceBehavior [ RunTime:0.001000s ]
INFO: [ app_end ] --END-- [ RunTime:0.001000s ]

[ 2016-12-07T10:15:05+08:00 ] 127.0.0.1 /index.php/Home/Index/doAjax.html
INFO: [ app_begin ] --START--
INFO: Run Behavior\ReadHtmlCacheBehavior [ RunTime:0.000000s ]
INFO: [ app_begin ] --END-- [ RunTime:0.000000s ]
SQL: SHOW COLUMNS FROM `xgx_answer` [ RunTime:0.0030s ]
NOTIC: [8] Undefined variable: province D:\phpStudy\WWW\xgxAD\Application\Home\Controller\IndexController.class.php 第 54 行.
SQL: INSERT INTO `xgx_answer` (`answer1`,`answer2`,`answer3`,`question`,`add_time`,`province_id`,`city_id`,`district_id`) VALUES ('发的说说的防守打法','','','发的说说的防守打法','1481076904','-1','-1','-1') [ RunTime:0.0480s ]
INFO: [ app_end ] --START--
INFO: Run Behavior\ShowPageTraceBehavior [ RunTime:0.001000s ]
INFO: [ app_end ] --END-- [ RunTime:0.001000s ]

[ 2016-12-07T10:17:17+08:00 ] 127.0.0.1 /index.php/Home/Index/doAjax.html
INFO: [ app_begin ] --START--
INFO: Run Behavior\ReadHtmlCacheBehavior [ RunTime:0.000000s ]
INFO: [ app_begin ] --END-- [ RunTime:0.001000s ]
SQL: SHOW COLUMNS FROM `xgx_answer` [ RunTime:0.0030s ]
NOTIC: [8] Undefined variable: province D:\phpStudy\WWW\xgxAD\Application\Home\Controller\IndexController.class.php 第 54 行.
SQL: INSERT INTO `xgx_answer` (`answer1`,`answer2`,`answer3`,`question`,`add_time`,`province_id`,`city_id`,`district_id`) VALUES ('二位无','','','二位无','1481077036','-1','-1','-1') [ RunTime:0.0490s ]
INFO: [ app_end ] --START--
INFO: Run Behavior\ShowPageTraceBehavior [ RunTime:0.000000s ]
INFO: [ app_end ] --END-- [ RunTime:0.000000s ]

[ 2016-12-07T10:17:55+08:00 ] 127.0.0.1 /index.php/Home/Index/doAjax.html
INFO: [ app_begin ] --START--
INFO: Run Behavior\ReadHtmlCacheBehavior [ RunTime:0.001000s ]
INFO: [ app_begin ] --END-- [ RunTime:0.001000s ]
SQL: SHOW COLUMNS FROM `xgx_answer` [ RunTime:0.0030s ]
NOTIC: [8] Undefined variable: province D:\phpStudy\WWW\xgxAD\Application\Home\Controller\IndexController.class.php 第 54 行.
SQL: INSERT INTO `xgx_answer` (`answer1`,`answer2`,`answer3`,`question`,`add_time`,`province_id`,`city_id`,`district_id`) VALUES ('网吧 ','人文氛围','威风威风你','网吧 ','1481077074','-1','-1','-1') [ RunTime:0.0310s ]
INFO: [ app_end ] --START--
INFO: Run Behavior\ShowPageTraceBehavior [ RunTime:0.000000s ]
INFO: [ app_end ] --END-- [ RunTime:0.000000s ]

[ 2016-12-07T10:19:45+08:00 ] 127.0.0.1 /index.php/Home/Index/getAreaByAreaId.html
INFO: [ app_begin ] --START--
INFO: Run Behavior\ReadHtmlCacheBehavior [ RunTime:0.001000s ]
INFO: [ app_begin ] --END-- [ RunTime:0.001000s ]
SQL: SHOW COLUMNS FROM `xgx_area` [ RunTime:0.0030s ]
SQL: SELECT * FROM `xgx_area` WHERE `parent_id` = 2  [ RunTime:0.0030s ]

[ 2016-12-07T10:19:50+08:00 ] 127.0.0.1 /index.php/Home/Index/getAreaByAreaId.html
INFO: [ app_begin ] --START--
INFO: Run Behavior\ReadHtmlCacheBehavior [ RunTime:0.001000s ]
INFO: [ app_begin ] --END-- [ RunTime:0.001000s ]
SQL: SHOW COLUMNS FROM `xgx_area` [ RunTime:0.0030s ]
SQL: SELECT * FROM `xgx_area` WHERE `parent_id` = 52  [ RunTime:0.0030s ]

[ 2016-12-07T10:20:01+08:00 ] 127.0.0.1 /index.php/Home/Index/doAjax.html
INFO: [ app_begin ] --START--
INFO: Run Behavior\ReadHtmlCacheBehavior [ RunTime:0.001000s ]
INFO: [ app_begin ] --END-- [ RunTime:0.001000s ]
SQL: SHOW COLUMNS FROM `xgx_answer` [ RunTime:0.0040s ]
SQL: INSERT INTO `xgx_answer` (`answer1`,`answer2`,`answer3`,`question`,`add_time`,`province_id`,`city_id`,`district_id`) VALUES ('发撒大师杜甫是','规范地方大股东股份','二个人跟人','发送到撒地方','1481077199','2','52','508') [ RunTime:0.0280s ]
INFO: [ app_end ] --START--
INFO: Run Behavior\ShowPageTraceBehavior [ RunTime:0.001000s ]
INFO: [ app_end ] --END-- [ RunTime:0.001000s ]

[ 2016-12-07T10:21:03+08:00 ] 127.0.0.1 /index.php/Home/Index/getAreaByAreaId.html
INFO: [ app_begin ] --START--
INFO: Run Behavior\ReadHtmlCacheBehavior [ RunTime:0.001000s ]
INFO: [ app_begin ] --END-- [ RunTime:0.001000s ]
SQL: SHOW COLUMNS FROM `xgx_area` [ RunTime:0.0030s ]
SQL: SELECT * FROM `xgx_area` WHERE `parent_id` = 8  [ RunTime:0.0030s ]

[ 2016-12-07T10:21:05+08:00 ] 127.0.0.1 /index.php/Home/Index/getAreaByAreaId.html
INFO: [ app_begin ] --START--
INFO: Run Behavior\ReadHtmlCacheBehavior [ RunTime:0.001000s ]
INFO: [ app_begin ] --END-- [ RunTime:0.001000s ]
SQL: SHOW COLUMNS FROM `xgx_area` [ RunTime:0.0030s ]
SQL: SELECT * FROM `xgx_area` WHERE `parent_id` = 113  [ RunTime:0.0030s ]

[ 2016-12-07T10:21:08+08:00 ] 127.0.0.1 /index.php/Home/Index/doAjax.html
INFO: [ app_begin ] --START--
INFO: Run Behavior\ReadHtmlCacheBehavior [ RunTime:0.000000s ]
INFO: [ app_begin ] --END-- [ RunTime:0.000000s ]
SQL: SHOW COLUMNS FROM `xgx_answer` [ RunTime:0.0030s ]
SQL: INSERT INTO `xgx_answer` (`answer1`,`answer2`,`answer3`,`question`,`add_time`,`province_id`,`city_id`,`district_id`) VALUES ('打撒所多','爱得起哇的','色色的  s','大鞍山市','1481077267','8','113','982') [ RunTime:0.0330s ]
INFO: [ app_end ] --START--
INFO: Run Behavior\ShowPageTraceBehavior [ RunTime:0.000000s ]
INFO: [ app_end ] --END-- [ RunTime:0.000000s ]

[ 2016-12-07T10:22:21+08:00 ] 127.0.0.1 /index.php/Home/Index/getAreaByAreaId.html
INFO: [ app_begin ] --START--
INFO: Run Behavior\ReadHtmlCacheBehavior [ RunTime:0.001000s ]
INFO: [ app_begin ] --END-- [ RunTime:0.001000s ]
SQL: SHOW COLUMNS FROM `xgx_area` [ RunTime:0.0030s ]
SQL: SELECT * FROM `xgx_area` WHERE `parent_id` = 11  [ RunTime:0.0030s ]

[ 2016-12-07T10:22:23+08:00 ] 127.0.0.1 /index.php/Home/Index/getAreaByAreaId.html
INFO: [ app_begin ] --START--
INFO: Run Behavior\ReadHtmlCacheBehavior [ RunTime:0.000000s ]
INFO: [ app_begin ] --END-- [ RunTime:0.000000s ]
SQL: SHOW COLUMNS FROM `xgx_area` [ RunTime:0.0030s ]
SQL: SELECT * FROM `xgx_area` WHERE `parent_id` = 152  [ RunTime:0.0030s ]

[ 2016-12-07T10:22:26+08:00 ] 127.0.0.1 /index.php/Home/Index/doAjax.html
INFO: [ app_begin ] --START--
INFO: Run Behavior\ReadHtmlCacheBehavior [ RunTime:0.002000s ]
INFO: [ app_begin ] --END-- [ RunTime:0.002000s ]
SQL: SHOW COLUMNS FROM `xgx_answer` [ RunTime:0.0030s ]
SQL: INSERT INTO `xgx_answer` (`answer1`,`answer2`,`answer3`,`question`,`add_time`,`province_id`,`city_id`,`district_id`,`isright`) VALUES ('发的说说的发','反倒是大师傅','艾弗森撒','发的说说的发','1481077345','11','152','1298','发的说说的发') [ RunTime:0.0360s ]
INFO: [ app_end ] --START--
INFO: Run Behavior\ShowPageTraceBehavior [ RunTime:0.001000s ]
INFO: [ app_end ] --END-- [ RunTime:0.001000s ]

[ 2016-12-07T10:27:00+08:00 ] 127.0.0.1 /index.php/Home/Index/getAreaByAreaId.html
INFO: [ app_begin ] --START--
INFO: Run Behavior\ReadHtmlCacheBehavior [ RunTime:0.001000s ]
INFO: [ app_begin ] --END-- [ RunTime:0.001000s ]
SQL: SHOW COLUMNS FROM `xgx_area` [ RunTime:0.0030s ]
SQL: SELECT * FROM `xgx_area` WHERE `parent_id` = 12  [ RunTime:0.0030s ]

[ 2016-12-07T10:27:01+08:00 ] 127.0.0.1 /index.php/Home/Index/getAreaByAreaId.html
INFO: [ app_begin ] --START--
INFO: Run Behavior\ReadHtmlCacheBehavior [ RunTime:0.000000s ]
INFO: [ app_begin ] --END-- [ RunTime:0.000000s ]
SQL: SHOW COLUMNS FROM `xgx_area` [ RunTime:0.0030s ]
SQL: SELECT * FROM `xgx_area` WHERE `parent_id` = 167  [ RunTime:0.0030s ]

[ 2016-12-07T10:38:21+08:00 ] 127.0.0.1 /index.php/Home/Index/getAreaByAreaId.html
INFO: [ app_begin ] --START--
INFO: Run Behavior\ReadHtmlCacheBehavior [ RunTime:0.001000s ]
INFO: [ app_begin ] --END-- [ RunTime:0.001000s ]
SQL: SHOW COLUMNS FROM `xgx_area` [ RunTime:0.0030s ]
SQL: SELECT * FROM `xgx_area` WHERE `parent_id` = 2  [ RunTime:0.0030s ]

[ 2016-12-07T10:38:22+08:00 ] 127.0.0.1 /index.php/Home/Index/getAreaByAreaId.html
INFO: [ app_begin ] --START--
INFO: Run Behavior\ReadHtmlCacheBehavior [ RunTime:0.000000s ]
INFO: [ app_begin ] --END-- [ RunTime:0.000000s ]
SQL: SHOW COLUMNS FROM `xgx_area` [ RunTime:0.0030s ]
SQL: SELECT * FROM `xgx_area` WHERE `parent_id` = 11  [ RunTime:0.0030s ]

[ 2016-12-07T10:38:25+08:00 ] 127.0.0.1 /index.php/Home/Index/getAreaByAreaId.html
INFO: [ app_begin ] --START--
INFO: Run Behavior\ReadHtmlCacheBehavior [ RunTime:0.000000s ]
INFO: [ app_begin ] --END-- [ RunTime:0.000000s ]
SQL: SHOW COLUMNS FROM `xgx_area` [ RunTime:0.0030s ]
SQL: SELECT * FROM `xgx_area` WHERE `parent_id` = 155  [ RunTime:0.0030s ]

[ 2016-12-07T10:38:32+08:00 ] 127.0.0.1 /index.php/Home/Index/doAjax.html
INFO: [ app_begin ] --START--
INFO: Run Behavior\ReadHtmlCacheBehavior [ RunTime:0.000000s ]
INFO: [ app_begin ] --END-- [ RunTime:0.000000s ]
SQL: SHOW COLUMNS FROM `xgx_answer` [ RunTime:0.0040s ]
SQL: INSERT INTO `xgx_answer` (`answer1`,`answer2`,`answer3`,`question`,`add_time`,`province_id`,`city_id`,`district_id`,`price`,`isright`) VALUES ('答案1','答案2','答案3','问题1','1481078311','11','155','1312','','答案3') [ RunTime:0.0280s ]
INFO: [ app_end ] --START--
INFO: Run Behavior\ShowPageTraceBehavior [ RunTime:0.000000s ]
INFO: [ app_end ] --END-- [ RunTime:0.000000s ]

[ 2016-12-07T10:39:14+08:00 ] 127.0.0.1 /index.php/Home/Index/doAjax.html
INFO: [ app_begin ] --START--
INFO: Run Behavior\ReadHtmlCacheBehavior [ RunTime:0.001000s ]
INFO: [ app_begin ] --END-- [ RunTime:0.001000s ]
SQL: SHOW COLUMNS FROM `xgx_answer` [ RunTime:0.0030s ]
SQL: INSERT INTO `xgx_answer` (`answer1`,`answer2`,`answer3`,`question`,`add_time`,`province_id`,`city_id`,`district_id`,`price`,`isright`) VALUES ('发撒大师杜甫的','反倒是大师傅','发的说说的发','发撒大师杜甫是的','1481078353','-1','-1','-1','','发的说说的发') [ RunTime:0.1570s ]
INFO: [ app_end ] --START--
INFO: Run Behavior\ShowPageTraceBehavior [ RunTime:0.000000s ]
INFO: [ app_end ] --END-- [ RunTime:0.000000s ]

[ 2016-12-07T10:40:32+08:00 ] 127.0.0.1 /index.php/Home/Index/doAjax.html
INFO: [ app_begin ] --START--
INFO: Run Behavior\ReadHtmlCacheBehavior [ RunTime:0.000000s ]
INFO: [ app_begin ] --END-- [ RunTime:0.001000s ]
SQL: SHOW COLUMNS FROM `xgx_answer` [ RunTime:0.0030s ]
SQL: INSERT INTO `xgx_answer` (`answer1`,`answer2`,`answer3`,`question`,`add_time`,`province_id`,`city_id`,`district_id`,`price`,`isright`) VALUES ('红对勾粉红色的s','第三方广东佛山','二十日突然特','和法国恢复供货商','1481078431','-1','-1','-1','','二十日突然特') [ RunTime:0.0610s ]
INFO: [ app_end ] --START--
INFO: Run Behavior\ShowPageTraceBehavior [ RunTime:0.000000s ]
INFO: [ app_end ] --END-- [ RunTime:0.000000s ]

[ 2016-12-07T10:45:55+08:00 ] 127.0.0.1 /index.php/Home/Index/doAjax.html
INFO: [ app_begin ] --START--
INFO: Run Behavior\ReadHtmlCacheBehavior [ RunTime:0.001000s ]
INFO: [ app_begin ] --END-- [ RunTime:0.001000s ]
SQL: SHOW COLUMNS FROM `xgx_answer` [ RunTime:0.0030s ]
INFO: [ app_end ] --START--
INFO: Run Behavior\ShowPageTraceBehavior [ RunTime:0.000000s ]
INFO: [ app_end ] --END-- [ RunTime:0.000000s ]

[ 2016-12-07T10:46:09+08:00 ] 127.0.0.1 /index.php/Home/Index/doAjax.html
INFO: [ app_begin ] --START--
INFO: Run Behavior\ReadHtmlCacheBehavior [ RunTime:0.001000s ]
INFO: [ app_begin ] --END-- [ RunTime:0.001000s ]
SQL: SHOW COLUMNS FROM `xgx_answer` [ RunTime:0.0020s ]
INFO: [ app_end ] --START--
INFO: Run Behavior\ShowPageTraceBehavior [ RunTime:0.000000s ]
INFO: [ app_end ] --END-- [ RunTime:0.000000s ]

[ 2016-12-07T10:46:30+08:00 ] 127.0.0.1 /index.php/Home/Index/doAjax.html
INFO: [ app_begin ] --START--
INFO: Run Behavior\ReadHtmlCacheBehavior [ RunTime:0.000000s ]
INFO: [ app_begin ] --END-- [ RunTime:0.001000s ]
SQL: SHOW COLUMNS FROM `xgx_answer` [ RunTime:0.0030s ]
INFO: [ app_end ] --START--
INFO: Run Behavior\ShowPageTraceBehavior [ RunTime:0.000000s ]
INFO: [ app_end ] --END-- [ RunTime:0.000000s ]

[ 2016-12-07T10:48:17+08:00 ] 127.0.0.1 /index.php/Home/Index/doAjax.html
INFO: [ app_begin ] --START--
INFO: Run Behavior\ReadHtmlCacheBehavior [ RunTime:0.001000s ]
INFO: [ app_begin ] --END-- [ RunTime:0.001000s ]
SQL: SHOW COLUMNS FROM `xgx_answer` [ RunTime:0.0030s ]
INFO: [ app_end ] --START--
INFO: Run Behavior\ShowPageTraceBehavior [ RunTime:0.001000s ]
INFO: [ app_end ] --END-- [ RunTime:0.001000s ]

[ 2016-12-07T10:48:29+08:00 ] 127.0.0.1 /index.php/Home/Index/doAjax.html
INFO: [ app_begin ] --START--
INFO: Run Behavior\ReadHtmlCacheBehavior [ RunTime:0.000000s ]
INFO: [ app_begin ] --END-- [ RunTime:0.000000s ]
SQL: SHOW COLUMNS FROM `xgx_answer` [ RunTime:0.0030s ]
INFO: [ app_end ] --START--
INFO: Run Behavior\ShowPageTraceBehavior [ RunTime:0.000000s ]
INFO: [ app_end ] --END-- [ RunTime:0.000000s ]

[ 2016-12-07T10:48:43+08:00 ] 127.0.0.1 /index.php/Home/Index/doAjax.html
INFO: [ app_begin ] --START--
INFO: Run Behavior\ReadHtmlCacheBehavior [ RunTime:0.000000s ]
INFO: [ app_begin ] --END-- [ RunTime:0.001000s ]
SQL: SHOW COLUMNS FROM `xgx_answer` [ RunTime:0.0030s ]
INFO: [ app_end ] --START--
INFO: Run Behavior\ShowPageTraceBehavior [ RunTime:0.000000s ]
INFO: [ app_end ] --END-- [ RunTime:0.000000s ]

[ 2016-12-07T10:53:22+08:00 ] 127.0.0.1 /index.php/Home/Index/doAjax.html
INFO: [ app_begin ] --START--
INFO: Run Behavior\ReadHtmlCacheBehavior [ RunTime:0.000000s ]
INFO: [ app_begin ] --END-- [ RunTime:0.001000s ]
SQL: SHOW COLUMNS FROM `xgx_answer` [ RunTime:0.0030s ]
INFO: [ app_end ] --START--
INFO: Run Behavior\ShowPageTraceBehavior [ RunTime:0.001000s ]
INFO: [ app_end ] --END-- [ RunTime:0.001000s ]

[ 2016-12-07T10:53:24+08:00 ] 127.0.0.1 /index.php/Home/Index/doAjax.html
INFO: [ app_begin ] --START--
INFO: Run Behavior\ReadHtmlCacheBehavior [ RunTime:0.001000s ]
INFO: [ app_begin ] --END-- [ RunTime:0.001000s ]
SQL: SHOW COLUMNS FROM `xgx_answer` [ RunTime:0.0030s ]
INFO: [ app_end ] --START--
INFO: Run Behavior\ShowPageTraceBehavior [ RunTime:0.001000s ]
INFO: [ app_end ] --END-- [ RunTime:0.001000s ]

[ 2016-12-07T10:53:27+08:00 ] 127.0.0.1 /index.php/Home/Index/doAjax.html
INFO: [ app_begin ] --START--
INFO: Run Behavior\ReadHtmlCacheBehavior [ RunTime:0.001000s ]
INFO: [ app_begin ] --END-- [ RunTime:0.001000s ]
SQL: SHOW COLUMNS FROM `xgx_answer` [ RunTime:0.0030s ]
INFO: [ app_end ] --START--
INFO: Run Behavior\ShowPageTraceBehavior [ RunTime:0.000000s ]
INFO: [ app_end ] --END-- [ RunTime:0.000000s ]

[ 2016-12-07T10:55:06+08:00 ] 127.0.0.1 /index.php/Home/Index/doAjax.html
INFO: [ app_begin ] --START--
INFO: Run Behavior\ReadHtmlCacheBehavior [ RunTime:0.000000s ]
INFO: [ app_begin ] --END-- [ RunTime:0.001000s ]
SQL: SHOW COLUMNS FROM `xgx_answer` [ RunTime:0.0030s ]
NOTIC: [8] Undefined index: answer2` D:\phpStudy\WWW\xgxAD\Application\Home\Controller\IndexController.class.php 第 70 行.
ERR: 1048:Column 'isright' cannot be null
 [ SQL语句 ] : INSERT INTO `xgx_answer` (`answer1`,`answer2`,`answer3`,`question`,`add_time`,`province_id`,`city_id`,`district_id`,`price`,`isright`) VALUES ('','','','54442','1481079305','-1','-1','-1','',NULL)
ERR: 1048:Column 'isright' cannot be null
 [ SQL语句 ] : INSERT INTO `xgx_answer` (`answer1`,`answer2`,`answer3`,`question`,`add_time`,`province_id`,`city_id`,`district_id`,`price`,`isright`) VALUES ('','','','54442','1481079305','-1','-1','-1','',NULL)

[ 2016-12-07T11:26:57+08:00 ] 127.0.0.1 /index.php/Home/Index/getAreaByAreaId.html
INFO: [ app_begin ] --START--
INFO: Run Behavior\ReadHtmlCacheBehavior [ RunTime:0.001000s ]
INFO: [ app_begin ] --END-- [ RunTime:0.001000s ]
SQL: SHOW COLUMNS FROM `xgx_area` [ RunTime:0.0030s ]
SQL: SELECT * FROM `xgx_area` WHERE `parent_id` = 20  [ RunTime:0.0030s ]

[ 2016-12-07T11:26:59+08:00 ] 127.0.0.1 /index.php/Home/Index/getAreaByAreaId.html
INFO: [ app_begin ] --START--
INFO: Run Behavior\ReadHtmlCacheBehavior [ RunTime:0.001000s ]
INFO: [ app_begin ] --END-- [ RunTime:0.001000s ]
SQL: SHOW COLUMNS FROM `xgx_area` [ RunTime:0.0030s ]
SQL: SELECT * FROM `xgx_area` WHERE `parent_id` = 270  [ RunTime:0.0030s ]

[ 2016-12-07T11:27:08+08:00 ] 127.0.0.1 /index.php/Home/Index/doAjax.html
INFO: [ app_begin ] --START--
INFO: Run Behavior\ReadHtmlCacheBehavior [ RunTime:0.000000s ]
INFO: [ app_begin ] --END-- [ RunTime:0.000000s ]
SQL: SHOW COLUMNS FROM `xgx_fb` [ RunTime:0.0030s ]
ERR: 1054:Unknown column 'add_time' in 'field list'
 [ SQL语句 ] : INSERT INTO `xgx_fb` (`answer1`,`answer2`,`answer3`,`question`,`add_time`,`province_id`,`city_id`,`district_id`,`price`,`isright`) VALUES ('jhfgjghfhjgf ','fjhggfh ','jghfjghjtyr','ythjjhgjghhjg','1481081227','20','270','2263','','jghfjghjtyr')
ERR: 1054:Unknown column 'add_time' in 'field list'
 [ SQL语句 ] : INSERT INTO `xgx_fb` (`answer1`,`answer2`,`answer3`,`question`,`add_time`,`province_id`,`city_id`,`district_id`,`price`,`isright`) VALUES ('jhfgjghfhjgf ','fjhggfh ','jghfjghjtyr','ythjjhgjghhjg','1481081227','20','270','2263','','jghfjghjtyr')

[ 2016-12-07T11:27:09+08:00 ] 127.0.0.1 /index.php/Home/Index/dealfabu.html
ERR: 1054:Unknown column 'add_time' in 'field list'
 [ SQL语句 ] : INSERT INTO `xgx_fb` (`answer1`,`answer2`,`answer3`,`question`,`add_time`,`province_id`,`city_id`,`district_id`,`price`,`isright`) VALUES ('','','','','1481081229','20','270','2263','','')

[ 2016-12-07T11:28:23+08:00 ] 127.0.0.1 /index.php/Home/Index/dealfabu.html
ERR: 1054:Unknown column 'city_id' in 'field list'
 [ SQL语句 ] : INSERT INTO `xgx_fb` (`answer1`,`answer2`,`answer3`,`question`,`add_time`,`province_id`,`city_id`,`district_id`,`price`,`isright`) VALUES ('','','','','1481081303','20','270','2263','','')

[ 2016-12-07T11:29:01+08:00 ] 127.0.0.1 /index.php/Home/Index/doAjax.html
INFO: [ app_begin ] --START--
INFO: Run Behavior\ReadHtmlCacheBehavior [ RunTime:0.000000s ]
INFO: [ app_begin ] --END-- [ RunTime:0.000000s ]
SQL: SHOW COLUMNS FROM `xgx_fb` [ RunTime:0.0030s ]
INFO: [ app_end ] --START--
INFO: Run Behavior\ShowPageTraceBehavior [ RunTime:0.001000s ]
INFO: [ app_end ] --END-- [ RunTime:0.001000s ]

[ 2016-12-07T11:29:54+08:00 ] 127.0.0.1 /index.php/Home/Index/doAjax.html
INFO: [ app_begin ] --START--
INFO: Run Behavior\ReadHtmlCacheBehavior [ RunTime:0.001000s ]
INFO: [ app_begin ] --END-- [ RunTime:0.001000s ]
SQL: SHOW COLUMNS FROM `xgx_fb` [ RunTime:0.0030s ]
INFO: [ app_end ] --START--
INFO: Run Behavior\ShowPageTraceBehavior [ RunTime:0.000000s ]
INFO: [ app_end ] --END-- [ RunTime:0.000000s ]

[ 2016-12-07T11:30:16+08:00 ] 127.0.0.1 /index.php/Home/Index/doAjax.html
INFO: [ app_begin ] --START--
INFO: Run Behavior\ReadHtmlCacheBehavior [ RunTime:0.000000s ]
INFO: [ app_begin ] --END-- [ RunTime:0.001000s ]
SQL: SHOW COLUMNS FROM `xgx_fb` [ RunTime:0.0030s ]
SQL: INSERT INTO `xgx_fb` (`answer1`,`answer2`,`answer3`,`question`,`add_time`,`province_id`,`city_id`,`district_id`,`price`,`isright`) VALUES ('liityutirtyt ','uyttyt ','','liityutirtyt ','1481081415','-1','-1','-1','','') [ RunTime:0.0720s ]
INFO: [ app_end ] --START--
INFO: Run Behavior\ShowPageTraceBehavior [ RunTime:0.000000s ]
INFO: [ app_end ] --END-- [ RunTime:0.000000s ]

[ 2016-12-07T11:35:54+08:00 ] 127.0.0.1 /index.php/Home/Index/doAjax.html
INFO: [ app_begin ] --START--
INFO: Run Behavior\ReadHtmlCacheBehavior [ RunTime:0.000000s ]
INFO: [ app_begin ] --END-- [ RunTime:0.000000s ]
SQL: SHOW COLUMNS FROM `xgx_fb` [ RunTime:0.0020s ]
SQL: INSERT INTO `xgx_fb` (`answer1`,`answer2`,`answer3`,`question`,`add_time`,`province_id`,`city_id`,`district_id`,`price`,`isright`) VALUES ('wedewdewd ','','','wedewdewd ','1481081752','-1','-1','-1','','wedewdewd ') [ RunTime:0.0400s ]

[ 2016-12-07T11:37:20+08:00 ] 127.0.0.1 /index.php/Home/Index/getAreaByAreaId.html
INFO: [ app_begin ] --START--
INFO: Run Behavior\ReadHtmlCacheBehavior [ RunTime:0.001000s ]
INFO: [ app_begin ] --END-- [ RunTime:0.001000s ]
SQL: SHOW COLUMNS FROM `xgx_area` [ RunTime:0.0030s ]
SQL: SELECT * FROM `xgx_area` WHERE `parent_id` = 19  [ RunTime:0.0030s ]

[ 2016-12-07T11:37:22+08:00 ] 127.0.0.1 /index.php/Home/Index/getAreaByAreaId.html
INFO: [ app_begin ] --START--
INFO: Run Behavior\ReadHtmlCacheBehavior [ RunTime:0.001000s ]
INFO: [ app_begin ] --END-- [ RunTime:0.001000s ]
SQL: SHOW COLUMNS FROM `xgx_area` [ RunTime:0.0030s ]
SQL: SELECT * FROM `xgx_area` WHERE `parent_id` = 258  [ RunTime:0.0020s ]

[ 2016-12-07T11:37:25+08:00 ] 127.0.0.1 /index.php/Home/Index/getAreaByAreaId.html
INFO: [ app_begin ] --START--
INFO: Run Behavior\ReadHtmlCacheBehavior [ RunTime:0.001001s ]
INFO: [ app_begin ] --END-- [ RunTime:0.001001s ]
SQL: SHOW COLUMNS FROM `xgx_area` [ RunTime:0.0030s ]
SQL: SELECT * FROM `xgx_area` WHERE `parent_id` = 260  [ RunTime:0.0020s ]

[ 2016-12-07T11:37:30+08:00 ] 127.0.0.1 /index.php/Home/Index/doAjax.html
INFO: [ app_begin ] --START--
INFO: Run Behavior\ReadHtmlCacheBehavior [ RunTime:0.001000s ]
INFO: [ app_begin ] --END-- [ RunTime:0.001000s ]
SQL: SHOW COLUMNS FROM `xgx_fb` [ RunTime:0.0030s ]
SQL: INSERT INTO `xgx_fb` (`answer1`,`answer2`,`answer3`,`question`,`add_time`,`province_id`,`city_id`,`district_id`,`price`,`isright`) VALUES ('答案1','答案2','答案3','问题','1481081849','19','260','-1','','答案3') [ RunTime:0.0380s ]
INFO: [ app_end ] --START--
INFO: Run Behavior\ShowPageTraceBehavior [ RunTime:0.001000s ]
INFO: [ app_end ] --END-- [ RunTime:0.001000s ]

[ 2016-12-07T11:41:56+08:00 ] 127.0.0.1 /index.php/Home/Index/getAreaByAreaId.html
INFO: [ app_begin ] --START--
INFO: Run Behavior\ReadHtmlCacheBehavior [ RunTime:0.001001s ]
INFO: [ app_begin ] --END-- [ RunTime:0.001001s ]
SQL: SHOW COLUMNS FROM `xgx_area` [ RunTime:0.0030s ]
SQL: SELECT * FROM `xgx_area` WHERE `parent_id` = 20  [ RunTime:0.0020s ]

[ 2016-12-07T11:41:57+08:00 ] 127.0.0.1 /index.php/Home/Index/getAreaByAreaId.html
INFO: [ app_begin ] --START--
INFO: Run Behavior\ReadHtmlCacheBehavior [ RunTime:0.000000s ]
INFO: [ app_begin ] --END-- [ RunTime:0.000000s ]
SQL: SHOW COLUMNS FROM `xgx_area` [ RunTime:0.0040s ]
SQL: SELECT * FROM `xgx_area` WHERE `parent_id` = 272  [ RunTime:0.0030s ]

[ 2016-12-07T11:42:04+08:00 ] 127.0.0.1 /index.php/Home/Index/doAjax.html
INFO: [ app_begin ] --START--
INFO: Run Behavior\ReadHtmlCacheBehavior [ RunTime:0.000000s ]
INFO: [ app_begin ] --END-- [ RunTime:0.001000s ]
SQL: SHOW COLUMNS FROM `xgx_fb` [ RunTime:0.0030s ]
SQL: INSERT INTO `xgx_fb` (`answer1`,`answer2`,`answer3`,`question`,`province_id`,`city_id`,`district_id`,`price`,`isright`) VALUES ('让他有人和我特让他','引入特任特让他','二人特委托','个人投入你','20','272','2276','','二人特委托') [ RunTime:0.0300s ]
INFO: [ app_end ] --START--
INFO: Run Behavior\ShowPageTraceBehavior [ RunTime:0.001000s ]
INFO: [ app_end ] --END-- [ RunTime:0.001000s ]

[ 2016-12-07T11:49:34+08:00 ] 127.0.0.1 /index.php/Home/Index/getAreaByAreaId.html
INFO: [ app_begin ] --START--
INFO: Run Behavior\ReadHtmlCacheBehavior [ RunTime:0.001001s ]
INFO: [ app_begin ] --END-- [ RunTime:0.001001s ]
SQL: SHOW COLUMNS FROM `xgx_area` [ RunTime:0.0030s ]
SQL: SELECT * FROM `xgx_area` WHERE `parent_id` = 20  [ RunTime:0.0030s ]

[ 2016-12-07T11:49:36+08:00 ] 127.0.0.1 /index.php/Home/Index/getAreaByAreaId.html
INFO: [ app_begin ] --START--
INFO: Run Behavior\ReadHtmlCacheBehavior [ RunTime:0.001000s ]
INFO: [ app_begin ] --END-- [ RunTime:0.001000s ]
SQL: SHOW COLUMNS FROM `xgx_area` [ RunTime:0.0020s ]
SQL: SELECT * FROM `xgx_area` WHERE `parent_id` = 271  [ RunTime:0.0020s ]

[ 2016-12-07T11:49:49+08:00 ] 127.0.0.1 /index.php/Home/Index/doAjax.html
INFO: [ app_begin ] --START--
INFO: Run Behavior\ReadHtmlCacheBehavior [ RunTime:0.000000s ]
INFO: [ app_begin ] --END-- [ RunTime:0.001000s ]
SQL: SHOW COLUMNS FROM `xgx_fb` [ RunTime:0.0030s ]
SQL: INSERT INTO `xgx_fb` (`answer1`,`answer2`,`answer3`,`question`,`province_id`,`city_id`,`district_id`,`price`,`isright`) VALUES ('瑞特尔特人一天','与他人二维','温热突然热贪玩','特尔儿童','20','271','2272','','温热突然热贪玩') [ RunTime:0.0360s ]
INFO: [ app_end ] --START--
INFO: Run Behavior\ShowPageTraceBehavior [ RunTime:0.001000s ]
INFO: [ app_end ] --END-- [ RunTime:0.001000s ]

[ 2016-12-07T11:52:16+08:00 ] 127.0.0.1 /index.php/Home/Index/getAreaByAreaId.html
INFO: [ app_begin ] --START--
INFO: Run Behavior\ReadHtmlCacheBehavior [ RunTime:0.000000s ]
INFO: [ app_begin ] --END-- [ RunTime:0.000000s ]
SQL: SHOW COLUMNS FROM `xgx_area` [ RunTime:0.0020s ]
SQL: SELECT * FROM `xgx_area` WHERE `parent_id` = 20  [ RunTime:0.0020s ]

[ 2016-12-07T11:52:17+08:00 ] 127.0.0.1 /index.php/Home/Index/getAreaByAreaId.html
INFO: [ app_begin ] --START--
INFO: Run Behavior\ReadHtmlCacheBehavior [ RunTime:0.000000s ]
INFO: [ app_begin ] --END-- [ RunTime:0.000000s ]
SQL: SHOW COLUMNS FROM `xgx_area` [ RunTime:0.0030s ]
SQL: SELECT * FROM `xgx_area` WHERE `parent_id` = 270  [ RunTime:0.0030s ]

[ 2016-12-07T11:52:19+08:00 ] 127.0.0.1 /index.php/Home/Index/getAreaByAreaId.html
INFO: [ app_begin ] --START--
INFO: Run Behavior\ReadHtmlCacheBehavior [ RunTime:0.001000s ]
INFO: [ app_begin ] --END-- [ RunTime:0.001000s ]
SQL: SHOW COLUMNS FROM `xgx_area` [ RunTime:0.0020s ]
SQL: SELECT * FROM `xgx_area` WHERE `parent_id` = 17  [ RunTime:0.0030s ]

[ 2016-12-07T11:52:21+08:00 ] 127.0.0.1 /index.php/Home/Index/getAreaByAreaId.html
INFO: [ app_begin ] --START--
INFO: Run Behavior\ReadHtmlCacheBehavior [ RunTime:0.000000s ]
INFO: [ app_begin ] --END-- [ RunTime:0.001000s ]
SQL: SHOW COLUMNS FROM `xgx_area` [ RunTime:0.0030s ]
SQL: SELECT * FROM `xgx_area` WHERE `parent_id` = 234  [ RunTime:0.0020s ]

[ 2016-12-07T11:52:27+08:00 ] 127.0.0.1 /index.php/Home/Index/doAjax.html
INFO: [ app_begin ] --START--
INFO: Run Behavior\ReadHtmlCacheBehavior [ RunTime:0.000000s ]
INFO: [ app_begin ] --END-- [ RunTime:0.001000s ]
SQL: SHOW COLUMNS FROM `xgx_fb` [ RunTime:0.0030s ]
SQL: INSERT INTO `xgx_fb` (`answer1`,`answer2`,`answer3`,`question`,`province_id`,`city_id`,`district_id`,`price`,`isright`) VALUES ('酷音乐库','优酷愉快与体育','与体育台如同仁堂有','原图苦苦偷偷看与','17','234','1971','','与体育台如同仁堂有') [ RunTime:0.0410s ]
INFO: [ app_end ] --START--
INFO: Run Behavior\ShowPageTraceBehavior [ RunTime:0.001000s ]
INFO: [ app_end ] --END-- [ RunTime:0.001000s ]

[ 2016-12-07T11:53:30+08:00 ] 127.0.0.1 /index.php/Home/Index/getAreaByAreaId.html
INFO: [ app_begin ] --START--
INFO: Run Behavior\ReadHtmlCacheBehavior [ RunTime:0.000000s ]
INFO: [ app_begin ] --END-- [ RunTime:0.001000s ]
SQL: SHOW COLUMNS FROM `xgx_area` [ RunTime:0.0020s ]
SQL: SELECT * FROM `xgx_area` WHERE `parent_id` = 20  [ RunTime:0.0020s ]

[ 2016-12-07T11:53:32+08:00 ] 127.0.0.1 /index.php/Home/Index/getAreaByAreaId.html
INFO: [ app_begin ] --START--
INFO: Run Behavior\ReadHtmlCacheBehavior [ RunTime:0.001000s ]
INFO: [ app_begin ] --END-- [ RunTime:0.001000s ]
SQL: SHOW COLUMNS FROM `xgx_area` [ RunTime:0.0030s ]
SQL: SELECT * FROM `xgx_area` WHERE `parent_id` = 271  [ RunTime:0.0030s ]

[ 2016-12-07T11:53:38+08:00 ] 127.0.0.1 /index.php/Home/Index/doAjax.html
INFO: [ app_begin ] --START--
INFO: Run Behavior\ReadHtmlCacheBehavior [ RunTime:0.001000s ]
INFO: [ app_begin ] --END-- [ RunTime:0.001000s ]
SQL: SHOW COLUMNS FROM `xgx_fb` [ RunTime:0.0030s ]
SQL: INSERT INTO `xgx_fb` (`answer1`,`answer2`,`answer3`,`question`,`province_id`,`city_id`,`district_id`,`price`,`isright`) VALUES ('尔特让他认为特无人区','瑞特而威尔','而他认为他惹我额','让人烦热热饭','20','271','2271','','而他认为他惹我额') [ RunTime:0.0310s ]
INFO: [ app_end ] --START--
INFO: Run Behavior\ShowPageTraceBehavior [ RunTime:0.001000s ]
INFO: [ app_end ] --END-- [ RunTime:0.001000s ]

[ 2016-12-07T11:54:58+08:00 ] 127.0.0.1 /index.php/Home/Index/getAreaByAreaId.html
INFO: [ app_begin ] --START--
INFO: Run Behavior\ReadHtmlCacheBehavior [ RunTime:0.000000s ]
INFO: [ app_begin ] --END-- [ RunTime:0.001000s ]
SQL: SHOW COLUMNS FROM `xgx_area` [ RunTime:0.0030s ]
SQL: SELECT * FROM `xgx_area` WHERE `parent_id` = 16  [ RunTime:0.0030s ]

[ 2016-12-07T11:55:00+08:00 ] 127.0.0.1 /index.php/Home/Index/getAreaByAreaId.html
INFO: [ app_begin ] --START--
INFO: Run Behavior\ReadHtmlCacheBehavior [ RunTime:0.000000s ]
INFO: [ app_begin ] --END-- [ RunTime:0.001000s ]
SQL: SHOW COLUMNS FROM `xgx_area` [ RunTime:0.0030s ]
SQL: SELECT * FROM `xgx_area` WHERE `parent_id` = 221  [ RunTime:0.0030s ]

[ 2016-12-07T11:55:06+08:00 ] 127.0.0.1 /index.php/Home/Index/doAjax.html
INFO: [ app_begin ] --START--
INFO: Run Behavior\ReadHtmlCacheBehavior [ RunTime:0.001000s ]
INFO: [ app_begin ] --END-- [ RunTime:0.002000s ]
SQL: SHOW COLUMNS FROM `xgx_fb` [ RunTime:0.0030s ]
INFO: [ app_end ] --START--
INFO: Run Behavior\ShowPageTraceBehavior [ RunTime:0.001000s ]
INFO: [ app_end ] --END-- [ RunTime:0.001000s ]

[ 2016-12-07T13:41:51+08:00 ] 127.0.0.1 /index.php/Home/Index/getAreaByAreaId.html
INFO: [ app_begin ] --START--
INFO: Run Behavior\ReadHtmlCacheBehavior [ RunTime:0.000000s ]
INFO: [ app_begin ] --END-- [ RunTime:0.001000s ]
SQL: SHOW COLUMNS FROM `xgx_area` [ RunTime:0.0030s ]
SQL: SELECT * FROM `xgx_area` WHERE `parent_id` = 20  [ RunTime:0.0020s ]

[ 2016-12-07T13:41:54+08:00 ] 127.0.0.1 /index.php/Home/Index/getAreaByAreaId.html
INFO: [ app_begin ] --START--
INFO: Run Behavior\ReadHtmlCacheBehavior [ RunTime:0.001000s ]
INFO: [ app_begin ] --END-- [ RunTime:0.001000s ]
SQL: SHOW COLUMNS FROM `xgx_area` [ RunTime:0.0030s ]
SQL: SELECT * FROM `xgx_area` WHERE `parent_id` = 16  [ RunTime:0.0020s ]

[ 2016-12-07T13:41:55+08:00 ] 127.0.0.1 /index.php/Home/Index/getAreaByAreaId.html
INFO: [ app_begin ] --START--
INFO: Run Behavior\ReadHtmlCacheBehavior [ RunTime:0.000000s ]
INFO: [ app_begin ] --END-- [ RunTime:0.000000s ]
SQL: SHOW COLUMNS FROM `xgx_area` [ RunTime:0.0030s ]
SQL: SELECT * FROM `xgx_area` WHERE `parent_id` = 222  [ RunTime:0.0020s ]

[ 2016-12-07T13:42:02+08:00 ] 127.0.0.1 /index.php/Home/Index/doAjax.html
INFO: [ app_begin ] --START--
INFO: Run Behavior\ReadHtmlCacheBehavior [ RunTime:0.001000s ]
INFO: [ app_begin ] --END-- [ RunTime:0.001000s ]
SQL: SHOW COLUMNS FROM `xgx_fb` [ RunTime:0.0030s ]
NOTIC: [8] Undefined index: answer2` D:\phpStudy\WWW\xgxAD\Application\Home\Controller\IndexController.class.php 第 72 行.
INFO: [ app_end ] --START--
INFO: Run Behavior\ShowPageTraceBehavior [ RunTime:0.000000s ]
INFO: [ app_end ] --END-- [ RunTime:0.001000s ]

[ 2016-12-07T13:47:59+08:00 ] 127.0.0.1 /index.php/Home/Index/getAreaByAreaId.html
INFO: [ app_begin ] --START--
INFO: Run Behavior\ReadHtmlCacheBehavior [ RunTime:0.000000s ]
INFO: [ app_begin ] --END-- [ RunTime:0.001000s ]
SQL: SHOW COLUMNS FROM `xgx_area` [ RunTime:0.0030s ]
SQL: SELECT * FROM `xgx_area` WHERE `parent_id` = 20  [ RunTime:0.0030s ]

[ 2016-12-07T13:48:01+08:00 ] 127.0.0.1 /index.php/Home/Index/getAreaByAreaId.html
INFO: [ app_begin ] --START--
INFO: Run Behavior\ReadHtmlCacheBehavior [ RunTime:0.000000s ]
INFO: [ app_begin ] --END-- [ RunTime:0.001000s ]
SQL: SHOW COLUMNS FROM `xgx_area` [ RunTime:0.0030s ]
SQL: SELECT * FROM `xgx_area` WHERE `parent_id` = 270  [ RunTime:0.0030s ]

[ 2016-12-07T13:48:09+08:00 ] 127.0.0.1 /index.php/Home/Index/doAjax.html
INFO: [ app_begin ] --START--
INFO: Run Behavior\ReadHtmlCacheBehavior [ RunTime:0.000000s ]
INFO: [ app_begin ] --END-- [ RunTime:0.000000s ]
SQL: SHOW COLUMNS FROM `xgx_fb` [ RunTime:0.0030s ]
NOTIC: [8] Undefined index: answer2` D:\phpStudy\WWW\xgxAD\Application\Home\Controller\IndexController.class.php 第 72 行.
INFO: [ app_end ] --START--
INFO: Run Behavior\ShowPageTraceBehavior [ RunTime:0.001000s ]
INFO: [ app_end ] --END-- [ RunTime:0.001000s ]

[ 2016-12-07T13:49:55+08:00 ] 127.0.0.1 /index.php/Home/Index/getAreaByAreaId.html
INFO: [ app_begin ] --START--
INFO: Run Behavior\ReadHtmlCacheBehavior [ RunTime:0.001000s ]
INFO: [ app_begin ] --END-- [ RunTime:0.001000s ]
SQL: SHOW COLUMNS FROM `xgx_area` [ RunTime:0.0030s ]
SQL: SELECT * FROM `xgx_area` WHERE `parent_id` = 20  [ RunTime:0.0030s ]

[ 2016-12-07T13:49:57+08:00 ] 127.0.0.1 /index.php/Home/Index/getAreaByAreaId.html
INFO: [ app_begin ] --START--
INFO: Run Behavior\ReadHtmlCacheBehavior [ RunTime:0.001000s ]
INFO: [ app_begin ] --END-- [ RunTime:0.001000s ]
SQL: SHOW COLUMNS FROM `xgx_area` [ RunTime:0.0030s ]
SQL: SELECT * FROM `xgx_area` WHERE `parent_id` = 271  [ RunTime:0.0020s ]

[ 2016-12-07T13:50:04+08:00 ] 127.0.0.1 /index.php/Home/Index/dealfabu.html
INFO: [ app_begin ] --START--
INFO: Run Behavior\ReadHtmlCacheBehavior [ RunTime:0.001000s ]
INFO: [ app_begin ] --END-- [ RunTime:0.001000s ]
SQL: SHOW COLUMNS FROM `xgx_fb` [ RunTime:0.0030s ]
NOTIC: [8] Undefined index: validate D:\phpStudy\WWW\xgxAD\ThinkPHP\Library\Think\Model.class.php 第 1185 行.
NOTIC: [8] Undefined index: auto D:\phpStudy\WWW\xgxAD\ThinkPHP\Library\Think\Model.class.php 第 1128 行.
NOTIC: [8] Undefined index: pic D:\phpStudy\WWW\xgxAD\Application\Home\Controller\IndexController.class.php 第 154 行.
NOTIC: [8] Undefined index: error D:\phpStudy\WWW\xgxAD\ThinkPHP\Library\Think\Upload.class.php 第 269 行.
NOTIC: [8] Undefined index: tmp_name D:\phpStudy\WWW\xgxAD\ThinkPHP\Library\Think\Upload.class.php 第 280 行.
SQL: INSERT INTO `xgx_fb` (`answer1`,`answer2`,`answer3`,`question`,`add_time`) VALUES ('规定规范的g','给对方规范规定','电饭锅电饭锅电饭锅','的啊所多','1481089804') [ RunTime:0.0300s ]
SQL: UPDATE `xgx_fb` SET `answer1`='规定规范的g',`answer2`='给对方规范规定',`answer3`='电饭锅电饭锅电饭锅',`question`='的啊所多',`province_id`='20',`city_id`='271',`district_id`='2271',`price`='',`isright`='电饭锅电饭锅电饭锅' WHERE `id` = 173 [ RunTime:0.0290s ]

[ 2016-12-07T13:53:04+08:00 ] 127.0.0.1 /index.php/Home/Index/getAreaByAreaId.html
INFO: [ app_begin ] --START--
INFO: Run Behavior\ReadHtmlCacheBehavior [ RunTime:0.001000s ]
INFO: [ app_begin ] --END-- [ RunTime:0.001000s ]
SQL: SHOW COLUMNS FROM `xgx_area` [ RunTime:0.0030s ]
SQL: SELECT * FROM `xgx_area` WHERE `parent_id` = 19  [ RunTime:0.0030s ]

[ 2016-12-07T13:53:06+08:00 ] 127.0.0.1 /index.php/Home/Index/getAreaByAreaId.html
INFO: [ app_begin ] --START--
INFO: Run Behavior\ReadHtmlCacheBehavior [ RunTime:0.001000s ]
INFO: [ app_begin ] --END-- [ RunTime:0.001000s ]
SQL: SHOW COLUMNS FROM `xgx_area` [ RunTime:0.0030s ]
SQL: SELECT * FROM `xgx_area` WHERE `parent_id` = 259  [ RunTime:0.0030s ]

[ 2016-12-07T13:53:13+08:00 ] 127.0.0.1 /index.php/Home/Index/dealfabu.html
INFO: [ app_begin ] --START--
INFO: Run Behavior\ReadHtmlCacheBehavior [ RunTime:0.000000s ]
INFO: [ app_begin ] --END-- [ RunTime:0.001000s ]
SQL: SHOW COLUMNS FROM `xgx_fb` [ RunTime:0.0030s ]
NOTIC: [8] Undefined index: validate D:\phpStudy\WWW\xgxAD\ThinkPHP\Library\Think\Model.class.php 第 1185 行.
NOTIC: [8] Undefined index: auto D:\phpStudy\WWW\xgxAD\ThinkPHP\Library\Think\Model.class.php 第 1128 行.
NOTIC: [8] Undefined index: pic D:\phpStudy\WWW\xgxAD\Application\Home\Controller\IndexController.class.php 第 154 行.
NOTIC: [8] Undefined index: error D:\phpStudy\WWW\xgxAD\ThinkPHP\Library\Think\Upload.class.php 第 269 行.
NOTIC: [8] Undefined index: tmp_name D:\phpStudy\WWW\xgxAD\ThinkPHP\Library\Think\Upload.class.php 第 280 行.
SQL: INSERT INTO `xgx_fb` (`answer1`,`answer2`,`answer3`,`question`,`add_time`) VALUES ('海洋天堂以后统一','以后偷肉影后','投入和任天堂','54vt4','1481089993') [ RunTime:0.0360s ]
SQL: UPDATE `xgx_fb` SET `answer1`='海洋天堂以后统一',`answer2`='以后偷肉影后',`answer3`='投入和任天堂',`question`='54vt4',`province_id`='19',`city_id`='259',`district_id`='2172',`price`='',`isright`='投入和任天堂' WHERE `id` = 175 [ RunTime:0.0500s ]

[ 2016-12-07T13:56:00+08:00 ] 127.0.0.1 /index.php/Home/Index/getAreaByAreaId.html
INFO: [ app_begin ] --START--
INFO: Run Behavior\ReadHtmlCacheBehavior [ RunTime:0.001000s ]
INFO: [ app_begin ] --END-- [ RunTime:0.001000s ]
SQL: SHOW COLUMNS FROM `xgx_area` [ RunTime:0.0030s ]
SQL: SELECT * FROM `xgx_area` WHERE `parent_id` = 20  [ RunTime:0.0030s ]

[ 2016-12-07T13:56:03+08:00 ] 127.0.0.1 /index.php/Home/Index/getAreaByAreaId.html
INFO: [ app_begin ] --START--
INFO: Run Behavior\ReadHtmlCacheBehavior [ RunTime:0.001000s ]
INFO: [ app_begin ] --END-- [ RunTime:0.001000s ]
SQL: SHOW COLUMNS FROM `xgx_area` [ RunTime:0.0020s ]
SQL: SELECT * FROM `xgx_area` WHERE `parent_id` = 271  [ RunTime:0.0020s ]

[ 2016-12-07T13:56:11+08:00 ] 127.0.0.1 /index.php/Home/Index/dealfabu.html
INFO: [ app_begin ] --START--
INFO: Run Behavior\ReadHtmlCacheBehavior [ RunTime:0.001000s ]
INFO: [ app_begin ] --END-- [ RunTime:0.001000s ]
SQL: SHOW COLUMNS FROM `xgx_fb` [ RunTime:0.0030s ]
NOTIC: [8] Undefined index: validate D:\phpStudy\WWW\xgxAD\ThinkPHP\Library\Think\Model.class.php 第 1185 行.
NOTIC: [8] Undefined index: auto D:\phpStudy\WWW\xgxAD\ThinkPHP\Library\Think\Model.class.php 第 1128 行.
NOTIC: [8] Undefined index: pic D:\phpStudy\WWW\xgxAD\Application\Home\Controller\IndexController.class.php 第 154 行.
NOTIC: [8] Undefined index: error D:\phpStudy\WWW\xgxAD\ThinkPHP\Library\Think\Upload.class.php 第 269 行.
NOTIC: [8] Undefined index: tmp_name D:\phpStudy\WWW\xgxAD\ThinkPHP\Library\Think\Upload.class.php 第 280 行.
SQL: INSERT INTO `xgx_fb` (`answer1`,`answer2`,`answer3`,`question`,`add_time`) VALUES ('方面没发过','感冒刚好共和国恢复','没工夫韩国国会','结合刚刚好','1481090171') [ RunTime:0.0320s ]

[ 2016-12-07T14:03:10+08:00 ] 127.0.0.1 /index.php/Home/Index/doAjax.html
INFO: [ app_begin ] --START--
INFO: Run Behavior\ReadHtmlCacheBehavior [ RunTime:0.001000s ]
INFO: [ app_begin ] --END-- [ RunTime:0.001000s ]
INFO: [ app_end ] --START--
INFO: Run Behavior\ShowPageTraceBehavior [ RunTime:0.000000s ]
INFO: [ app_end ] --END-- [ RunTime:0.000000s ]

[ 2016-12-07T14:05:04+08:00 ] 127.0.0.1 /index.php/Home/Index/doAjax.html
INFO: [ app_begin ] --START--
INFO: Run Behavior\ReadHtmlCacheBehavior [ RunTime:0.000000s ]
INFO: [ app_begin ] --END-- [ RunTime:0.000000s ]
INFO: [ app_end ] --START--
INFO: Run Behavior\ShowPageTraceBehavior [ RunTime:0.001000s ]
INFO: [ app_end ] --END-- [ RunTime:0.001000s ]

[ 2016-12-07T14:06:11+08:00 ] 127.0.0.1 /index.php/Home/Index/doAjax.html
INFO: [ app_begin ] --START--
INFO: Run Behavior\ReadHtmlCacheBehavior [ RunTime:0.001000s ]
INFO: [ app_begin ] --END-- [ RunTime:0.001000s ]
INFO: [ app_end ] --START--
INFO: Run Behavior\ShowPageTraceBehavior [ RunTime:0.001000s ]
INFO: [ app_end ] --END-- [ RunTime:0.001000s ]

[ 2016-12-07T14:06:43+08:00 ] 127.0.0.1 /index.php/Home/Index/doAjax.html
INFO: [ app_begin ] --START--
INFO: Run Behavior\ReadHtmlCacheBehavior [ RunTime:0.000000s ]
INFO: [ app_begin ] --END-- [ RunTime:0.001000s ]
INFO: [ app_end ] --START--
INFO: Run Behavior\ShowPageTraceBehavior [ RunTime:0.001000s ]
INFO: [ app_end ] --END-- [ RunTime:0.001000s ]

[ 2016-12-07T14:10:52+08:00 ] 127.0.0.1 /index.php/Home/Index/doAjax.html
INFO: [ app_begin ] --START--
INFO: Run Behavior\ReadHtmlCacheBehavior [ RunTime:0.001000s ]
INFO: [ app_begin ] --END-- [ RunTime:0.001000s ]
INFO: [ app_end ] --START--
INFO: Run Behavior\ShowPageTraceBehavior [ RunTime:0.001000s ]
INFO: [ app_end ] --END-- [ RunTime:0.001000s ]

[ 2016-12-07T14:11:23+08:00 ] 127.0.0.1 /index.php/Home/Index/doAjax.html
INFO: [ app_begin ] --START--
INFO: Run Behavior\ReadHtmlCacheBehavior [ RunTime:0.000000s ]
INFO: [ app_begin ] --END-- [ RunTime:0.000000s ]
INFO: [ app_end ] --START--
INFO: Run Behavior\ShowPageTraceBehavior [ RunTime:0.000000s ]
INFO: [ app_end ] --END-- [ RunTime:0.000000s ]

[ 2016-12-07T14:26:05+08:00 ] 127.0.0.1 /index.php/Home/Index/doAjax.html
INFO: [ app_begin ] --START--
INFO: Run Behavior\ReadHtmlCacheBehavior [ RunTime:0.001000s ]
INFO: [ app_begin ] --END-- [ RunTime:0.001000s ]
NOTIC: [8] Undefined index: data D:\phpStudy\WWW\xgxAD\Application\Home\Controller\IndexController.class.php 第 54 行.
INFO: [ app_end ] --START--
INFO: Run Behavior\ShowPageTraceBehavior [ RunTime:0.001000s ]
INFO: [ app_end ] --END-- [ RunTime:0.001000s ]

[ 2016-12-07T14:55:33+08:00 ] 127.0.0.1 /index.php/Home/Index/getAreaByAreaId.html
INFO: [ app_begin ] --START--
INFO: Run Behavior\ReadHtmlCacheBehavior [ RunTime:0.001000s ]
INFO: [ app_begin ] --END-- [ RunTime:0.002000s ]
SQL: SHOW COLUMNS FROM `xgx_area` [ RunTime:0.0040s ]
SQL: SELECT * FROM `xgx_area` WHERE `parent_id` = 20  [ RunTime:0.0030s ]

[ 2016-12-07T14:55:34+08:00 ] 127.0.0.1 /index.php/Home/Index/getAreaByAreaId.html
INFO: [ app_begin ] --START--
INFO: Run Behavior\ReadHtmlCacheBehavior [ RunTime:0.000000s ]
INFO: [ app_begin ] --END-- [ RunTime:0.000000s ]
SQL: SHOW COLUMNS FROM `xgx_area` [ RunTime:0.0030s ]
SQL: SELECT * FROM `xgx_area` WHERE `parent_id` = 19  [ RunTime:0.0030s ]

[ 2016-12-07T14:55:35+08:00 ] 127.0.0.1 /index.php/Home/Index/getAreaByAreaId.html
INFO: [ app_begin ] --START--
INFO: Run Behavior\ReadHtmlCacheBehavior [ RunTime:0.000000s ]
INFO: [ app_begin ] --END-- [ RunTime:0.000000s ]
SQL: SHOW COLUMNS FROM `xgx_area` [ RunTime:0.0040s ]
SQL: SELECT * FROM `xgx_area` WHERE `parent_id` = 258  [ RunTime:0.0030s ]

[ 2016-12-07T14:55:42+08:00 ] 127.0.0.1 /index.php/Home/Index/doAjax.html
INFO: [ app_begin ] --START--
INFO: Run Behavior\ReadHtmlCacheBehavior [ RunTime:0.001000s ]
INFO: [ app_begin ] --END-- [ RunTime:0.001000s ]
INFO: [ app_end ] --START--
INFO: Run Behavior\ShowPageTraceBehavior [ RunTime:0.000000s ]
INFO: [ app_end ] --END-- [ RunTime:0.000000s ]

[ 2016-12-07T14:56:12+08:00 ] 127.0.0.1 /index.php/Home/Index/doAjax.html
INFO: [ app_begin ] --START--
INFO: Run Behavior\ReadHtmlCacheBehavior [ RunTime:0.000000s ]
INFO: [ app_begin ] --END-- [ RunTime:0.001000s ]
INFO: [ app_end ] --START--
INFO: Run Behavior\ShowPageTraceBehavior [ RunTime:0.000000s ]
INFO: [ app_end ] --END-- [ RunTime:0.001000s ]

[ 2016-12-07T14:56:37+08:00 ] 127.0.0.1 /index.php/Home/Index/getAreaByAreaId.html
INFO: [ app_begin ] --START--
INFO: Run Behavior\ReadHtmlCacheBehavior [ RunTime:0.001000s ]
INFO: [ app_begin ] --END-- [ RunTime:0.001000s ]
SQL: SHOW COLUMNS FROM `xgx_area` [ RunTime:0.0030s ]
SQL: SELECT * FROM `xgx_area` WHERE `parent_id` = 17  [ RunTime:0.0030s ]

[ 2016-12-07T14:56:39+08:00 ] 127.0.0.1 /index.php/Home/Index/getAreaByAreaId.html
INFO: [ app_begin ] --START--
INFO: Run Behavior\ReadHtmlCacheBehavior [ RunTime:0.001000s ]
INFO: [ app_begin ] --END-- [ RunTime:0.002000s ]
SQL: SHOW COLUMNS FROM `xgx_area` [ RunTime:0.0040s ]
SQL: SELECT * FROM `xgx_area` WHERE `parent_id` = 233  [ RunTime:0.0030s ]

[ 2016-12-07T14:56:42+08:00 ] 127.0.0.1 /index.php/Home/Index/doAjax.html
INFO: [ app_begin ] --START--
INFO: Run Behavior\ReadHtmlCacheBehavior [ RunTime:0.000000s ]
INFO: [ app_begin ] --END-- [ RunTime:0.001000s ]
INFO: [ app_end ] --START--
INFO: Run Behavior\ShowPageTraceBehavior [ RunTime:0.000000s ]
INFO: [ app_end ] --END-- [ RunTime:0.000000s ]

[ 2016-12-07T15:10:49+08:00 ] 127.0.0.1 /index.php/Home/Index/getAreaByAreaId.html
INFO: [ app_begin ] --START--
INFO: Run Behavior\ReadHtmlCacheBehavior [ RunTime:0.001000s ]
INFO: [ app_begin ] --END-- [ RunTime:0.001000s ]
SQL: SHOW COLUMNS FROM `xgx_area` [ RunTime:0.0030s ]
SQL: SELECT * FROM `xgx_area` WHERE `parent_id` = 20  [ RunTime:0.0020s ]

[ 2016-12-07T15:10:51+08:00 ] 127.0.0.1 /index.php/Home/Index/getAreaByAreaId.html
INFO: [ app_begin ] --START--
INFO: Run Behavior\ReadHtmlCacheBehavior [ RunTime:0.001000s ]
INFO: [ app_begin ] --END-- [ RunTime:0.001000s ]
SQL: SHOW COLUMNS FROM `xgx_area` [ RunTime:0.0030s ]
SQL: SELECT * FROM `xgx_area` WHERE `parent_id` = 270  [ RunTime:0.0030s ]

[ 2016-12-07T15:10:55+08:00 ] 127.0.0.1 /index.php/Home/Index/doAjax.html
INFO: [ app_begin ] --START--
INFO: Run Behavior\ReadHtmlCacheBehavior [ RunTime:0.001001s ]
INFO: [ app_begin ] --END-- [ RunTime:0.001001s ]
INFO: [ app_end ] --START--
INFO: Run Behavior\ShowPageTraceBehavior [ RunTime:0.000000s ]
INFO: [ app_end ] --END-- [ RunTime:0.001000s ]

[ 2016-12-07T15:12:42+08:00 ] 127.0.0.1 /index.php/Home/Index/getAreaByAreaId.html
INFO: [ app_begin ] --START--
INFO: Run Behavior\ReadHtmlCacheBehavior [ RunTime:0.001000s ]
INFO: [ app_begin ] --END-- [ RunTime:0.001000s ]
SQL: SHOW COLUMNS FROM `xgx_area` [ RunTime:0.0030s ]
SQL: SELECT * FROM `xgx_area` WHERE `parent_id` = 20  [ RunTime:0.0030s ]

[ 2016-12-07T15:12:44+08:00 ] 127.0.0.1 /index.php/Home/Index/getAreaByAreaId.html
INFO: [ app_begin ] --START--
INFO: Run Behavior\ReadHtmlCacheBehavior [ RunTime:0.000000s ]
INFO: [ app_begin ] --END-- [ RunTime:0.001000s ]
SQL: SHOW COLUMNS FROM `xgx_area` [ RunTime:0.0030s ]
SQL: SELECT * FROM `xgx_area` WHERE `parent_id` = 15  [ RunTime:0.0030s ]

[ 2016-12-07T15:12:46+08:00 ] 127.0.0.1 /index.php/Home/Index/getAreaByAreaId.html
INFO: [ app_begin ] --START--
INFO: Run Behavior\ReadHtmlCacheBehavior [ RunTime:0.001000s ]
INFO: [ app_begin ] --END-- [ RunTime:0.002000s ]
SQL: SHOW COLUMNS FROM `xgx_area` [ RunTime:0.0040s ]
SQL: SELECT * FROM `xgx_area` WHERE `parent_id` = 211  [ RunTime:0.0030s ]

[ 2016-12-07T15:12:48+08:00 ] 127.0.0.1 /index.php/Home/Index/doAjax.html
INFO: [ app_begin ] --START--
INFO: Run Behavior\ReadHtmlCacheBehavior [ RunTime:0.000000s ]
INFO: [ app_begin ] --END-- [ RunTime:0.001000s ]
INFO: [ app_end ] --START--
INFO: Run Behavior\ShowPageTraceBehavior [ RunTime:0.001000s ]
INFO: [ app_end ] --END-- [ RunTime:0.001000s ]

[ 2016-12-07T15:13:23+08:00 ] 127.0.0.1 /index.php/Home/Index/getAreaByAreaId.html
INFO: [ app_begin ] --START--
INFO: Run Behavior\ReadHtmlCacheBehavior [ RunTime:0.001000s ]
INFO: [ app_begin ] --END-- [ RunTime:0.001000s ]
SQL: SHOW COLUMNS FROM `xgx_area` [ RunTime:0.0030s ]
SQL: SELECT * FROM `xgx_area` WHERE `parent_id` = 19  [ RunTime:0.0030s ]

[ 2016-12-07T15:13:25+08:00 ] 127.0.0.1 /index.php/Home/Index/getAreaByAreaId.html
INFO: [ app_begin ] --START--
INFO: Run Behavior\ReadHtmlCacheBehavior [ RunTime:0.000000s ]
INFO: [ app_begin ] --END-- [ RunTime:0.000000s ]
SQL: SHOW COLUMNS FROM `xgx_area` [ RunTime:0.0050s ]
SQL: SELECT * FROM `xgx_area` WHERE `parent_id` = 259  [ RunTime:0.0030s ]

[ 2016-12-07T15:13:31+08:00 ] 127.0.0.1 /index.php/Home/Index/doAjax.html
INFO: [ app_begin ] --START--
INFO: Run Behavior\ReadHtmlCacheBehavior [ RunTime:0.000000s ]
INFO: [ app_begin ] --END-- [ RunTime:0.000000s ]
INFO: [ app_end ] --START--
INFO: Run Behavior\ShowPageTraceBehavior [ RunTime:0.001000s ]
INFO: [ app_end ] --END-- [ RunTime:0.001000s ]

[ 2016-12-07T15:15:26+08:00 ] 127.0.0.1 /index.php/Home/Index/getAreaByAreaId.html
INFO: [ app_begin ] --START--
INFO: Run Behavior\ReadHtmlCacheBehavior [ RunTime:0.001001s ]
INFO: [ app_begin ] --END-- [ RunTime:0.001001s ]
SQL: SHOW COLUMNS FROM `xgx_area` [ RunTime:0.0030s ]
SQL: SELECT * FROM `xgx_area` WHERE `parent_id` = 11  [ RunTime:0.0030s ]

[ 2016-12-07T15:15:29+08:00 ] 127.0.0.1 /index.php/Home/Index/getAreaByAreaId.html
INFO: [ app_begin ] --START--
INFO: Run Behavior\ReadHtmlCacheBehavior [ RunTime:0.000000s ]
INFO: [ app_begin ] --END-- [ RunTime:0.001000s ]
SQL: SHOW COLUMNS FROM `xgx_area` [ RunTime:0.0030s ]
SQL: SELECT * FROM `xgx_area` WHERE `parent_id` = 32  [ RunTime:0.0020s ]

[ 2016-12-07T15:15:32+08:00 ] 127.0.0.1 /index.php/Home/Index/getAreaByAreaId.html
INFO: [ app_begin ] --START--
INFO: Run Behavior\ReadHtmlCacheBehavior [ RunTime:0.000000s ]
INFO: [ app_begin ] --END-- [ RunTime:0.000000s ]
SQL: SHOW COLUMNS FROM `xgx_area` [ RunTime:0.0030s ]
SQL: SELECT * FROM `xgx_area` WHERE `parent_id` = 394  [ RunTime:0.0030s ]

[ 2016-12-07T15:15:37+08:00 ] 127.0.0.1 /index.php/Home/Index/dealfabu.html
INFO: [ app_begin ] --START--
INFO: Run Behavior\ReadHtmlCacheBehavior [ RunTime:0.000000s ]
INFO: [ app_begin ] --END-- [ RunTime:0.000000s ]
SQL: SHOW COLUMNS FROM `xgx_fb` [ RunTime:0.0030s ]
NOTIC: [8] Undefined index: validate D:\phpStudy\WWW\xgxAD\ThinkPHP\Library\Think\Model.class.php 第 1185 行.
NOTIC: [8] Undefined index: auto D:\phpStudy\WWW\xgxAD\ThinkPHP\Library\Think\Model.class.php 第 1128 行.
NOTIC: [8] Undefined index: pic D:\phpStudy\WWW\xgxAD\Application\Home\Controller\IndexController.class.php 第 162 行.
NOTIC: [8] Undefined index: error D:\phpStudy\WWW\xgxAD\ThinkPHP\Library\Think\Upload.class.php 第 269 行.
NOTIC: [8] Undefined index: tmp_name D:\phpStudy\WWW\xgxAD\ThinkPHP\Library\Think\Upload.class.php 第 280 行.
INFO: [ app_end ] --START--
INFO: Run Behavior\ShowPageTraceBehavior [ RunTime:0.000000s ]
INFO: [ app_end ] --END-- [ RunTime:0.000000s ]

[ 2016-12-07T15:24:11+08:00 ] 127.0.0.1 /index.php/Home/Index/getAreaByAreaId.html
INFO: [ app_begin ] --START--
INFO: Run Behavior\ReadHtmlCacheBehavior [ RunTime:0.000000s ]
INFO: [ app_begin ] --END-- [ RunTime:0.001000s ]
SQL: SHOW COLUMNS FROM `xgx_area` [ RunTime:0.0030s ]
SQL: SELECT * FROM `xgx_area` WHERE `parent_id` = 9  [ RunTime:0.0030s ]

[ 2016-12-07T15:24:13+08:00 ] 127.0.0.1 /index.php/Home/Index/getAreaByAreaId.html
INFO: [ app_begin ] --START--
INFO: Run Behavior\ReadHtmlCacheBehavior [ RunTime:0.001000s ]
INFO: [ app_begin ] --END-- [ RunTime:0.001000s ]
SQL: SHOW COLUMNS FROM `xgx_area` [ RunTime:0.0030s ]
SQL: SELECT * FROM `xgx_area` WHERE `parent_id` = 135  [ RunTime:0.0030s ]

[ 2016-12-07T15:24:18+08:00 ] 127.0.0.1 /index.php/Home/Index/dealfabu.html
INFO: [ app_begin ] --START--
INFO: Run Behavior\ReadHtmlCacheBehavior [ RunTime:0.001000s ]
INFO: [ app_begin ] --END-- [ RunTime:0.001000s ]
SQL: SHOW COLUMNS FROM `xgx_fb` [ RunTime:0.0030s ]
NOTIC: [8] Undefined index: validate D:\phpStudy\WWW\xgxAD\ThinkPHP\Library\Think\Model.class.php 第 1185 行.
NOTIC: [8] Undefined index: auto D:\phpStudy\WWW\xgxAD\ThinkPHP\Library\Think\Model.class.php 第 1128 行.
NOTIC: [8] Undefined index: pic D:\phpStudy\WWW\xgxAD\Application\Home\Controller\IndexController.class.php 第 162 行.
NOTIC: [8] Undefined index: error D:\phpStudy\WWW\xgxAD\ThinkPHP\Library\Think\Upload.class.php 第 269 行.
NOTIC: [8] Undefined index: tmp_name D:\phpStudy\WWW\xgxAD\ThinkPHP\Library\Think\Upload.class.php 第 280 行.
INFO: [ app_end ] --START--
INFO: Run Behavior\ShowPageTraceBehavior [ RunTime:0.000000s ]
INFO: [ app_end ] --END-- [ RunTime:0.000000s ]

[ 2016-12-07T15:27:55+08:00 ] 127.0.0.1 /index.php/Home/Index/getAreaByAreaId.html
INFO: [ app_begin ] --START--
INFO: Run Behavior\ReadHtmlCacheBehavior [ RunTime:0.000000s ]
INFO: [ app_begin ] --END-- [ RunTime:0.001000s ]
SQL: SHOW COLUMNS FROM `xgx_area` [ RunTime:0.0030s ]
SQL: SELECT * FROM `xgx_area` WHERE `parent_id` = 20  [ RunTime:0.0030s ]

[ 2016-12-07T15:27:57+08:00 ] 127.0.0.1 /index.php/Home/Index/getAreaByAreaId.html
INFO: [ app_begin ] --START--
INFO: Run Behavior\ReadHtmlCacheBehavior [ RunTime:0.000000s ]
INFO: [ app_begin ] --END-- [ RunTime:0.001000s ]
SQL: SHOW COLUMNS FROM `xgx_area` [ RunTime:0.0030s ]
SQL: SELECT * FROM `xgx_area` WHERE `parent_id` = 30  [ RunTime:0.0030s ]

[ 2016-12-07T15:27:59+08:00 ] 127.0.0.1 /index.php/Home/Index/getAreaByAreaId.html
INFO: [ app_begin ] --START--
INFO: Run Behavior\ReadHtmlCacheBehavior [ RunTime:0.000000s ]
INFO: [ app_begin ] --END-- [ RunTime:0.001000s ]
SQL: SHOW COLUMNS FROM `xgx_area` [ RunTime:0.0040s ]
SQL: SELECT * FROM `xgx_area` WHERE `parent_id` = 382  [ RunTime:0.0030s ]

[ 2016-12-07T15:28:04+08:00 ] 127.0.0.1 /index.php/Home/Index/dealfabu.html
INFO: [ app_begin ] --START--
INFO: Run Behavior\ReadHtmlCacheBehavior [ RunTime:0.001001s ]
INFO: [ app_begin ] --END-- [ RunTime:0.001001s ]
SQL: SHOW COLUMNS FROM `xgx_fb` [ RunTime:0.0030s ]
NOTIC: [8] Undefined index: validate D:\phpStudy\WWW\xgxAD\ThinkPHP\Library\Think\Model.class.php 第 1185 行.
NOTIC: [8] Undefined index: auto D:\phpStudy\WWW\xgxAD\ThinkPHP\Library\Think\Model.class.php 第 1128 行.
NOTIC: [8] Undefined index: pic D:\phpStudy\WWW\xgxAD\Application\Home\Controller\IndexController.class.php 第 162 行.
NOTIC: [8] Undefined index: error D:\phpStudy\WWW\xgxAD\ThinkPHP\Library\Think\Upload.class.php 第 269 行.
NOTIC: [8] Undefined index: tmp_name D:\phpStudy\WWW\xgxAD\ThinkPHP\Library\Think\Upload.class.php 第 280 行.
INFO: [ app_end ] --START--
INFO: Run Behavior\ShowPageTraceBehavior [ RunTime:0.001000s ]
INFO: [ app_end ] --END-- [ RunTime:0.001000s ]

[ 2016-12-07T15:30:49+08:00 ] 127.0.0.1 /index.php/Home/Index/dealfabu.html
INFO: [ app_begin ] --START--
INFO: Run Behavior\ReadHtmlCacheBehavior [ RunTime:0.001000s ]
INFO: [ app_begin ] --END-- [ RunTime:0.001000s ]
SQL: SHOW COLUMNS FROM `xgx_fb` [ RunTime:0.0030s ]
NOTIC: [8] Undefined index: validate D:\phpStudy\WWW\xgxAD\ThinkPHP\Library\Think\Model.class.php 第 1185 行.
NOTIC: [8] Undefined index: auto D:\phpStudy\WWW\xgxAD\ThinkPHP\Library\Think\Model.class.php 第 1128 行.

[ 2016-12-07T15:48:15+08:00 ] 127.0.0.1 /index.php/Home/Index/getAreaByAreaId.html
INFO: [ app_begin ] --START--
INFO: Run Behavior\ReadHtmlCacheBehavior [ RunTime:0.000000s ]
INFO: [ app_begin ] --END-- [ RunTime:0.001000s ]
SQL: SHOW COLUMNS FROM `xgx_area` [ RunTime:0.0030s ]
SQL: SELECT * FROM `xgx_area` WHERE `parent_id` = 30  [ RunTime:0.0030s ]

[ 2016-12-07T15:48:17+08:00 ] 127.0.0.1 /index.php/Home/Index/getAreaByAreaId.html
INFO: [ app_begin ] --START--
INFO: Run Behavior\ReadHtmlCacheBehavior [ RunTime:0.001000s ]
INFO: [ app_begin ] --END-- [ RunTime:0.001000s ]
SQL: SHOW COLUMNS FROM `xgx_area` [ RunTime:0.0030s ]
SQL: SELECT * FROM `xgx_area` WHERE `parent_id` = 32  [ RunTime:0.0030s ]

[ 2016-12-07T15:48:20+08:00 ] 127.0.0.1 /index.php/Home/Index/getAreaByAreaId.html
INFO: [ app_begin ] --START--
INFO: Run Behavior\ReadHtmlCacheBehavior [ RunTime:0.000000s ]
INFO: [ app_begin ] --END-- [ RunTime:0.001000s ]
SQL: SHOW COLUMNS FROM `xgx_area` [ RunTime:0.0030s ]
SQL: SELECT * FROM `xgx_area` WHERE `parent_id` = 31  [ RunTime:0.0030s ]

[ 2016-12-07T15:48:23+08:00 ] 127.0.0.1 /index.php/Home/Index/getAreaByAreaId.html
INFO: [ app_begin ] --START--
INFO: Run Behavior\ReadHtmlCacheBehavior [ RunTime:0.001000s ]
INFO: [ app_begin ] --END-- [ RunTime:0.001000s ]
SQL: SHOW COLUMNS FROM `xgx_area` [ RunTime:0.0030s ]
SQL: SELECT * FROM `xgx_area` WHERE `parent_id` = 383  [ RunTime:0.0030s ]

[ 2016-12-07T15:48:24+08:00 ] 127.0.0.1 /index.php/Home/Index/getAreaByAreaId.html
INFO: [ app_begin ] --START--
INFO: Run Behavior\ReadHtmlCacheBehavior [ RunTime:0.000000s ]
INFO: [ app_begin ] --END-- [ RunTime:0.001000s ]
SQL: SHOW COLUMNS FROM `xgx_area` [ RunTime:0.0030s ]
SQL: SELECT * FROM `xgx_area` WHERE `parent_id` = 384  [ RunTime:0.0030s ]

[ 2016-12-07T15:48:26+08:00 ] 127.0.0.1 /index.php/Home/Index/doAjax.html
INFO: [ app_begin ] --START--
INFO: Run Behavior\ReadHtmlCacheBehavior [ RunTime:0.000000s ]
INFO: [ app_begin ] --END-- [ RunTime:0.001000s ]
INFO: [ app_end ] --START--
INFO: Run Behavior\ShowPageTraceBehavior [ RunTime:0.001001s ]
INFO: [ app_end ] --END-- [ RunTime:0.001001s ]

[ 2016-12-07T15:56:48+08:00 ] 127.0.0.1 /index.php/Home/Index/getAreaByAreaId.html
INFO: [ app_begin ] --START--
INFO: Run Behavior\ReadHtmlCacheBehavior [ RunTime:0.000000s ]
INFO: [ app_begin ] --END-- [ RunTime:0.001000s ]
SQL: SHOW COLUMNS FROM `xgx_area` [ RunTime:0.0030s ]
SQL: SELECT * FROM `xgx_area` WHERE `parent_id` = 31  [ RunTime:0.0030s ]

[ 2016-12-07T15:56:50+08:00 ] 127.0.0.1 /index.php/Home/Index/getAreaByAreaId.html
INFO: [ app_begin ] --START--
INFO: Run Behavior\ReadHtmlCacheBehavior [ RunTime:0.000000s ]
INFO: [ app_begin ] --END-- [ RunTime:0.001000s ]
SQL: SHOW COLUMNS FROM `xgx_area` [ RunTime:0.0030s ]
SQL: SELECT * FROM `xgx_area` WHERE `parent_id` = 383  [ RunTime:0.0030s ]

[ 2016-12-07T15:56:54+08:00 ] 127.0.0.1 /index.php/Home/Index/doAjax.html
INFO: [ app_begin ] --START--
INFO: Run Behavior\ReadHtmlCacheBehavior [ RunTime:0.001000s ]
INFO: [ app_begin ] --END-- [ RunTime:0.001000s ]
SQL: SHOW COLUMNS FROM `xgx_fb` [ RunTime:0.0030s ]
SQL: INSERT INTO `xgx_fb` (`answer1`,`answer2`,`answer3`,`question`,`province_id`,`city_id`,`district_id`,`isright`) VALUES ('问问他特认为','沃尔特热热','他为热热无','头而羊肉汤','31','383','3229','他为热热无') [ RunTime:0.0310s ]
NOTIC: [8] Use of undefined constant num - assumed 'num' D:\phpStudy\WWW\xgxAD\Application\Home\Controller\IndexController.class.php 第 79 行.
INFO: [ app_end ] --START--
INFO: Run Behavior\ShowPageTraceBehavior [ RunTime:0.000000s ]
INFO: [ app_end ] --END-- [ RunTime:0.000000s ]

[ 2016-12-07T15:58:54+08:00 ] 127.0.0.1 /index.php/Home/Index/doAjax.html
INFO: [ app_begin ] --START--
INFO: Run Behavior\ReadHtmlCacheBehavior [ RunTime:0.000000s ]
INFO: [ app_begin ] --END-- [ RunTime:0.001000s ]
SQL: SHOW COLUMNS FROM `xgx_fb` [ RunTime:0.0030s ]
NOTIC: [8] Undefined variable: num D:\phpStudy\WWW\xgxAD\Application\Home\Controller\IndexController.class.php 第 79 行.
INFO: [ app_end ] --START--
INFO: Run Behavior\ShowPageTraceBehavior [ RunTime:0.000000s ]
INFO: [ app_end ] --END-- [ RunTime:0.000000s ]

[ 2016-12-07T15:59:19+08:00 ] 127.0.0.1 /index.php/Home/Index/getAreaByAreaId.html
INFO: [ app_begin ] --START--
INFO: Run Behavior\ReadHtmlCacheBehavior [ RunTime:0.000000s ]
INFO: [ app_begin ] --END-- [ RunTime:0.001000s ]
SQL: SHOW COLUMNS FROM `xgx_area` [ RunTime:0.0030s ]
SQL: SELECT * FROM `xgx_area` WHERE `parent_id` = 19  [ RunTime:0.0030s ]

[ 2016-12-07T15:59:22+08:00 ] 127.0.0.1 /index.php/Home/Index/getAreaByAreaId.html
INFO: [ app_begin ] --START--
INFO: Run Behavior\ReadHtmlCacheBehavior [ RunTime:0.001000s ]
INFO: [ app_begin ] --END-- [ RunTime:0.001000s ]
SQL: SHOW COLUMNS FROM `xgx_area` [ RunTime:0.0030s ]
SQL: SELECT * FROM `xgx_area` WHERE `parent_id` = 261  [ RunTime:0.0030s ]

[ 2016-12-07T15:59:25+08:00 ] 127.0.0.1 /index.php/Home/Index/doAjax.html
INFO: [ app_begin ] --START--
INFO: Run Behavior\ReadHtmlCacheBehavior [ RunTime:0.000000s ]
INFO: [ app_begin ] --END-- [ RunTime:0.001000s ]
SQL: SHOW COLUMNS FROM `xgx_fb` [ RunTime:0.0030s ]
NOTIC: [8] Undefined index: answer2` D:\phpStudy\WWW\xgxAD\Application\Home\Controller\IndexController.class.php 第 68 行.
ERR: 1048:Column 'isright' cannot be null
 [ SQL语句 ] : INSERT INTO `xgx_fb` (`answer1`,`answer2`,`answer3`,`question`,`province_id`,`city_id`,`district_id`,`isright`) VALUES ('访问微风王文峰区','而非问问企鹅去','劝慰突然特问问 ','额外付费','19','261','2183',NULL)
ERR: 1048:Column 'isright' cannot be null
 [ SQL语句 ] : INSERT INTO `xgx_fb` (`answer1`,`answer2`,`answer3`,`question`,`province_id`,`city_id`,`district_id`,`isright`) VALUES ('访问微风王文峰区','而非问问企鹅去','劝慰突然特问问 ','额外付费','19','261','2183',NULL)

[ 2016-12-07T16:05:14+08:00 ] 127.0.0.1 /index.php/Home/Index/doAjax.html
INFO: [ app_begin ] --START--
INFO: Run Behavior\ReadHtmlCacheBehavior [ RunTime:0.001000s ]
INFO: [ app_begin ] --END-- [ RunTime:0.001000s ]
SQL: SHOW COLUMNS FROM `xgx_fb` [ RunTime:0.0030s ]
NOTIC: [8] Undefined variable: num D:\phpStudy\WWW\xgxAD\Application\Home\Controller\IndexController.class.php 第 79 行.
INFO: [ app_end ] --START--
INFO: Run Behavior\ShowPageTraceBehavior [ RunTime:0.001000s ]
INFO: [ app_end ] --END-- [ RunTime:0.001000s ]

[ 2016-12-07T16:05:32+08:00 ] 127.0.0.1 /index.php/Home/Index/getAreaByAreaId.html
INFO: [ app_begin ] --START--
INFO: Run Behavior\ReadHtmlCacheBehavior [ RunTime:0.000000s ]
INFO: [ app_begin ] --END-- [ RunTime:0.001000s ]
SQL: SHOW COLUMNS FROM `xgx_area` [ RunTime:0.0030s ]
SQL: SELECT * FROM `xgx_area` WHERE `parent_id` = 20  [ RunTime:0.0030s ]

[ 2016-12-07T16:05:33+08:00 ] 127.0.0.1 /index.php/Home/Index/getAreaByAreaId.html
INFO: [ app_begin ] --START--
INFO: Run Behavior\ReadHtmlCacheBehavior [ RunTime:0.000000s ]
INFO: [ app_begin ] --END-- [ RunTime:0.001001s ]
SQL: SHOW COLUMNS FROM `xgx_area` [ RunTime:0.0040s ]
SQL: SELECT * FROM `xgx_area` WHERE `parent_id` = 270  [ RunTime:0.0030s ]

[ 2016-12-07T16:05:36+08:00 ] 127.0.0.1 /index.php/Home/Index/doAjax.html
INFO: [ app_begin ] --START--
INFO: Run Behavior\ReadHtmlCacheBehavior [ RunTime:0.000000s ]
INFO: [ app_begin ] --END-- [ RunTime:0.001000s ]
SQL: SHOW COLUMNS FROM `xgx_fb` [ RunTime:0.0030s ]
SQL: INSERT INTO `xgx_fb` (`answer1`,`answer2`,`answer3`,`question`,`province_id`,`city_id`,`district_id`,`add_time`,`isright`) VALUES ('仍无法违法福','额外服务费','而王菲威风威风','仍无法违法福','20','270','2263','1481097935','而王菲威风威风') [ RunTime:0.0400s ]
INFO: [ app_end ] --START--
INFO: Run Behavior\ShowPageTraceBehavior [ RunTime:0.001000s ]
INFO: [ app_end ] --END-- [ RunTime:0.001000s ]

[ 2016-12-07T16:28:28+08:00 ] 127.0.0.1 /index.php/Home/Index/getAreaByAreaId.html
INFO: [ app_begin ] --START--
INFO: Run Behavior\ReadHtmlCacheBehavior [ RunTime:0.000000s ]
INFO: [ app_begin ] --END-- [ RunTime:0.000000s ]
SQL: SHOW COLUMNS FROM `xgx_area` [ RunTime:0.0030s ]
SQL: SELECT * FROM `xgx_area` WHERE `parent_id` = 33  [ RunTime:0.0020s ]

[ 2016-12-07T16:28:30+08:00 ] 127.0.0.1 /index.php/Home/Index/getAreaByAreaId.html
INFO: [ app_begin ] --START--
INFO: Run Behavior\ReadHtmlCacheBehavior [ RunTime:0.000000s ]
INFO: [ app_begin ] --END-- [ RunTime:0.001001s ]
SQL: SHOW COLUMNS FROM `xgx_area` [ RunTime:0.0030s ]
SQL: SELECT * FROM `xgx_area` WHERE `parent_id` = 395  [ RunTime:0.0030s ]

[ 2016-12-07T16:28:36+08:00 ] 127.0.0.1 /index.php/Home/Index/doAjax.html
INFO: [ app_begin ] --START--
INFO: Run Behavior\ReadHtmlCacheBehavior [ RunTime:0.001000s ]
INFO: [ app_begin ] --END-- [ RunTime:0.001000s ]
SQL: SHOW COLUMNS FROM `xgx_fb` [ RunTime:0.0040s ]
SQL: INSERT INTO `xgx_fb` (`answer1`,`answer2`,`answer3`,`question`,`province_id`,`city_id`,`district_id`,`add_time`,`isright`) VALUES ('万特瑞特人为儿童','特认为问题热问题','特热让他玩','热吻','33','395','3372','1481099315','万特瑞特人为儿童') [ RunTime:0.0340s ]
INFO: [ app_end ] --START--
INFO: Run Behavior\ShowPageTraceBehavior [ RunTime:0.000000s ]
INFO: [ app_end ] --END-- [ RunTime:0.000000s ]

[ 2016-12-07T16:30:00+08:00 ] 127.0.0.1 /index.php/Home/Index/getAreaByAreaId.html
INFO: [ app_begin ] --START--
INFO: Run Behavior\ReadHtmlCacheBehavior [ RunTime:0.000000s ]
INFO: [ app_begin ] --END-- [ RunTime:0.001000s ]
SQL: SHOW COLUMNS FROM `xgx_area` [ RunTime:0.0030s ]
SQL: SELECT * FROM `xgx_area` WHERE `parent_id` = 20  [ RunTime:0.0020s ]

[ 2016-12-07T16:30:02+08:00 ] 127.0.0.1 /index.php/Home/Index/getAreaByAreaId.html
INFO: [ app_begin ] --START--
INFO: Run Behavior\ReadHtmlCacheBehavior [ RunTime:0.000000s ]
INFO: [ app_begin ] --END-- [ RunTime:0.001000s ]
SQL: SHOW COLUMNS FROM `xgx_area` [ RunTime:0.0030s ]
SQL: SELECT * FROM `xgx_area` WHERE `parent_id` = 271  [ RunTime:0.0030s ]

[ 2016-12-07T16:30:04+08:00 ] 127.0.0.1 /index.php/Home/Index/doAjax.html
INFO: [ app_begin ] --START--
INFO: Run Behavior\ReadHtmlCacheBehavior [ RunTime:0.000000s ]
INFO: [ app_begin ] --END-- [ RunTime:0.001000s ]
SQL: SHOW COLUMNS FROM `xgx_fb` [ RunTime:0.0040s ]
SQL: INSERT INTO `xgx_fb` (`answer1`,`answer2`,`answer3`,`question`,`province_id`,`city_id`,`district_id`,`add_time`,`isright`) VALUES ('特特若','太热而突然','尔特热任务二','tertiary','20','271','2272','1481099403','尔特热任务二') [ RunTime:0.0390s ]
INFO: [ app_end ] --START--
INFO: Run Behavior\ShowPageTraceBehavior [ RunTime:0.001000s ]
INFO: [ app_end ] --END-- [ RunTime:0.001000s ]

[ 2016-12-07T16:31:52+08:00 ] 127.0.0.1 /index.php/Home/Index/getAreaByAreaId.html
INFO: [ app_begin ] --START--
INFO: Run Behavior\ReadHtmlCacheBehavior [ RunTime:0.002000s ]
INFO: [ app_begin ] --END-- [ RunTime:0.003000s ]
SQL: SHOW COLUMNS FROM `xgx_area` [ RunTime:0.0030s ]
SQL: SELECT * FROM `xgx_area` WHERE `parent_id` = 19  [ RunTime:0.0030s ]

[ 2016-12-07T16:31:53+08:00 ] 127.0.0.1 /index.php/Home/Index/getAreaByAreaId.html
INFO: [ app_begin ] --START--
INFO: Run Behavior\ReadHtmlCacheBehavior [ RunTime:0.000000s ]
INFO: [ app_begin ] --END-- [ RunTime:0.000000s ]
SQL: SHOW COLUMNS FROM `xgx_area` [ RunTime:0.0030s ]
SQL: SELECT * FROM `xgx_area` WHERE `parent_id` = 259  [ RunTime:0.0030s ]

[ 2016-12-07T16:31:56+08:00 ] 127.0.0.1 /index.php/Home/Index/doAjax.html
INFO: [ app_begin ] --START--
INFO: Run Behavior\ReadHtmlCacheBehavior [ RunTime:0.000000s ]
INFO: [ app_begin ] --END-- [ RunTime:0.001001s ]
SQL: SHOW COLUMNS FROM `xgx_fb` [ RunTime:0.0030s ]
NOTIC: [8] Undefined index: answer2` D:\phpStudy\WWW\xgxAD\Application\Home\Controller\IndexController.class.php 第 68 行.
ERR: 1048:Column 'isright' cannot be null
 [ SQL语句 ] : INSERT INTO `xgx_fb` (`answer1`,`answer2`,`answer3`,`question`,`province_id`,`city_id`,`district_id`,`add_time`,`isright`) VALUES ('我让他沃尔特热热天文台认为','我让他问题','沃特让人特儿童','tertiary委托人为','19','259','2172','1481099515',NULL)
ERR: 1048:Column 'isright' cannot be null
 [ SQL语句 ] : INSERT INTO `xgx_fb` (`answer1`,`answer2`,`answer3`,`question`,`province_id`,`city_id`,`district_id`,`add_time`,`isright`) VALUES ('我让他沃尔特热热天文台认为','我让他问题','沃特让人特儿童','tertiary委托人为','19','259','2172','1481099515',NULL)

[ 2016-12-07T16:31:58+08:00 ] 127.0.0.1 /index.php/Home/Index/dealfabu.html
ERR: 1064:You have an error in your SQL syntax; check the manual that corresponds to your MySQL server version for the right syntax to use near '} )' at line 1
 [ SQL语句 ] : UPDATE `xgx_fb` SET `filepath`='/Public/Upload/2016-12-07/5847c8fea1258.jpg',`filename`='5847c8fea1258.jpg',`hasfile`='1' WHERE ( id={$num} )

[ 2016-12-07T16:34:38+08:00 ] 127.0.0.1 /index.php/Home/Index/doAjax.html
INFO: [ app_begin ] --START--
INFO: Run Behavior\ReadHtmlCacheBehavior [ RunTime:0.001000s ]
INFO: [ app_begin ] --END-- [ RunTime:0.001000s ]
SQL: SHOW COLUMNS FROM `xgx_fb` [ RunTime:0.0040s ]
SQL: INSERT INTO `xgx_fb` (`answer1`,`answer2`,`answer3`,`question`,`province_id`,`city_id`,`district_id`,`add_time`,`isright`) VALUES ('家庭环境核桃仁','让她挥金如土','土壤环境提货人','推荐人','-1','-1','-1','1481099677','土壤环境提货人') [ RunTime:0.0270s ]
INFO: [ app_end ] --START--
INFO: Run Behavior\ShowPageTraceBehavior [ RunTime:0.000000s ]
INFO: [ app_end ] --END-- [ RunTime:0.000000s ]

[ 2016-12-07T16:35:51+08:00 ] 127.0.0.1 /index.php/Home/Index/doAjax.html
INFO: [ app_begin ] --START--
INFO: Run Behavior\ReadHtmlCacheBehavior [ RunTime:0.000000s ]
INFO: [ app_begin ] --END-- [ RunTime:0.000000s ]
SQL: SHOW COLUMNS FROM `xgx_fb` [ RunTime:0.0030s ]
NOTIC: [8] Undefined index: answer2` D:\phpStudy\WWW\xgxAD\Application\Home\Controller\IndexController.class.php 第 68 行.
ERR: 1048:Column 'isright' cannot be null
 [ SQL语句 ] : INSERT INTO `xgx_fb` (`answer1`,`answer2`,`answer3`,`question`,`province_id`,`city_id`,`district_id`,`add_time`,`isright`) VALUES ('','','','','-1','-1','-1','1481099750',NULL)
ERR: 1048:Column 'isright' cannot be null
 [ SQL语句 ] : INSERT INTO `xgx_fb` (`answer1`,`answer2`,`answer3`,`question`,`province_id`,`city_id`,`district_id`,`add_time`,`isright`) VALUES ('','','','','-1','-1','-1','1481099750',NULL)

[ 2016-12-07T16:37:03+08:00 ] 127.0.0.1 /index.php/Home/Index/doAjax.html
INFO: [ app_begin ] --START--
INFO: Run Behavior\ReadHtmlCacheBehavior [ RunTime:0.001000s ]
INFO: [ app_begin ] --END-- [ RunTime:0.001000s ]
SQL: SHOW COLUMNS FROM `xgx_fb` [ RunTime:0.0030s ]
NOTIC: [8] Undefined index: answer2` D:\phpStudy\WWW\xgxAD\Application\Home\Controller\IndexController.class.php 第 68 行.
ERR: 1048:Column 'isright' cannot be null
 [ SQL语句 ] : INSERT INTO `xgx_fb` (`answer1`,`answer2`,`answer3`,`question`,`province_id`,`city_id`,`district_id`,`add_time`,`isright`) VALUES ('','','','','-1','-1','-1','1481099822',NULL)
ERR: 1048:Column 'isright' cannot be null
 [ SQL语句 ] : INSERT INTO `xgx_fb` (`answer1`,`answer2`,`answer3`,`question`,`province_id`,`city_id`,`district_id`,`add_time`,`isright`) VALUES ('','','','','-1','-1','-1','1481099822',NULL)

[ 2016-12-07T16:37:34+08:00 ] 127.0.0.1 /index.php/Home/Index/doAjax.html
INFO: [ app_begin ] --START--
INFO: Run Behavior\ReadHtmlCacheBehavior [ RunTime:0.000000s ]
INFO: [ app_begin ] --END-- [ RunTime:0.000000s ]
SQL: SHOW COLUMNS FROM `xgx_fb` [ RunTime:0.0030s ]
NOTIC: [8] Undefined index: answer2` D:\phpStudy\WWW\xgxAD\Application\Home\Controller\IndexController.class.php 第 68 行.
ERR: 1048:Column 'isright' cannot be null
 [ SQL语句 ] : INSERT INTO `xgx_fb` (`answer1`,`answer2`,`answer3`,`question`,`province_id`,`city_id`,`district_id`,`add_time`,`isright`) VALUES ('','','','','-1','-1','-1','1481099853',NULL)
ERR: 1048:Column 'isright' cannot be null
 [ SQL语句 ] : INSERT INTO `xgx_fb` (`answer1`,`answer2`,`answer3`,`question`,`province_id`,`city_id`,`district_id`,`add_time`,`isright`) VALUES ('','','','','-1','-1','-1','1481099853',NULL)

[ 2016-12-07T16:37:51+08:00 ] 127.0.0.1 /index.php/Home/Index/doAjax.html
INFO: [ app_begin ] --START--
INFO: Run Behavior\ReadHtmlCacheBehavior [ RunTime:0.001000s ]
INFO: [ app_begin ] --END-- [ RunTime:0.001000s ]
SQL: SHOW COLUMNS FROM `xgx_fb` [ RunTime:0.0060s ]
NOTIC: [8] Undefined index: answer2` D:\phpStudy\WWW\xgxAD\Application\Home\Controller\IndexController.class.php 第 68 行.
ERR: 1048:Column 'isright' cannot be null
 [ SQL语句 ] : INSERT INTO `xgx_fb` (`answer1`,`answer2`,`answer3`,`question`,`province_id`,`city_id`,`district_id`,`add_time`,`isright`) VALUES ('','','','','-1','-1','-1','1481099870',NULL)
ERR: 1048:Column 'isright' cannot be null
 [ SQL语句 ] : INSERT INTO `xgx_fb` (`answer1`,`answer2`,`answer3`,`question`,`province_id`,`city_id`,`district_id`,`add_time`,`isright`) VALUES ('','','','','-1','-1','-1','1481099870',NULL)

[ 2016-12-07T16:37:59+08:00 ] 127.0.0.1 /index.php/Home/Index/doAjax.html
INFO: [ app_begin ] --START--
INFO: Run Behavior\ReadHtmlCacheBehavior [ RunTime:0.000000s ]
INFO: [ app_begin ] --END-- [ RunTime:0.001000s ]
SQL: SHOW COLUMNS FROM `xgx_fb` [ RunTime:0.0030s ]
NOTIC: [8] Undefined variable: num D:\phpStudy\WWW\xgxAD\Application\Home\Controller\IndexController.class.php 第 79 行.
INFO: [ app_end ] --START--
INFO: Run Behavior\ShowPageTraceBehavior [ RunTime:0.001001s ]
INFO: [ app_end ] --END-- [ RunTime:0.001001s ]

[ 2016-12-07T16:38:17+08:00 ] 127.0.0.1 /index.php/Home/Index/doAjax.html
INFO: [ app_begin ] --START--
INFO: Run Behavior\ReadHtmlCacheBehavior [ RunTime:0.000000s ]
INFO: [ app_begin ] --END-- [ RunTime:0.000000s ]
SQL: SHOW COLUMNS FROM `xgx_fb` [ RunTime:0.0030s ]
SQL: INSERT INTO `xgx_fb` (`answer1`,`answer2`,`answer3`,`question`,`province_id`,`city_id`,`district_id`,`add_time`,`isright`) VALUES ('羊肉汤','热他要','而他要让她','太热人人n','-1','-1','-1','1481099896','而他要让她') [ RunTime:0.0300s ]
INFO: [ app_end ] --START--
INFO: Run Behavior\ShowPageTraceBehavior [ RunTime:0.000000s ]
INFO: [ app_end ] --END-- [ RunTime:0.000000s ]

[ 2016-12-07T16:42:18+08:00 ] 127.0.0.1 /index.php/Home/Index/getAreaByAreaId.html
INFO: [ app_begin ] --START--
INFO: Run Behavior\ReadHtmlCacheBehavior [ RunTime:0.001000s ]
INFO: [ app_begin ] --END-- [ RunTime:0.001000s ]
SQL: SHOW COLUMNS FROM `xgx_area` [ RunTime:0.0030s ]
SQL: SELECT * FROM `xgx_area` WHERE `parent_id` = 8  [ RunTime:0.0030s ]

[ 2016-12-07T16:42:20+08:00 ] 127.0.0.1 /index.php/Home/Index/getAreaByAreaId.html
INFO: [ app_begin ] --START--
INFO: Run Behavior\ReadHtmlCacheBehavior [ RunTime:0.001000s ]
INFO: [ app_begin ] --END-- [ RunTime:0.001000s ]
SQL: SHOW COLUMNS FROM `xgx_area` [ RunTime:0.0030s ]
SQL: SELECT * FROM `xgx_area` WHERE `parent_id` = 112  [ RunTime:0.0020s ]

[ 2016-12-07T16:42:23+08:00 ] 127.0.0.1 /index.php/Home/Index/doAjax.html
INFO: [ app_begin ] --START--
INFO: Run Behavior\ReadHtmlCacheBehavior [ RunTime:0.000000s ]
INFO: [ app_begin ] --END-- [ RunTime:0.000000s ]
SQL: SHOW COLUMNS FROM `xgx_fb` [ RunTime:0.0030s ]
SQL: INSERT INTO `xgx_fb` (`answer1`,`answer2`,`answer3`,`question`,`province_id`,`city_id`,`district_id`,`add_time`,`isright`) VALUES ('UIi','铺uoiuy','uyiyoiuoiuy','op\'\'opi','8','112','976','1481100142','uyiyoiuoiuy') [ RunTime:0.0270s ]
INFO: [ app_end ] --START--
INFO: Run Behavior\ShowPageTraceBehavior [ RunTime:0.001000s ]
INFO: [ app_end ] --END-- [ RunTime:0.001000s ]

[ 2016-12-07T16:42:25+08:00 ] 127.0.0.1 /index.php/Home/Index/dealfabu.html
ERR: 1064:You have an error in your SQL syntax; check the manual that corresponds to your MySQL server version for the right syntax to use near '} )' at line 1
 [ SQL语句 ] : UPDATE `xgx_fb` SET `filepath`='/Public/Upload/2016-12-07/5847cb718ae51.jpeg',`filename`='5847cb718ae51.jpeg',`hasfile`='1' WHERE ( id={$num} )

[ 2016-12-07T16:43:13+08:00 ] 127.0.0.1 /index.php/Home/Index/dealfabu.html
ERR: 1064:You have an error in your SQL syntax; check the manual that corresponds to your MySQL server version for the right syntax to use near ')' at line 1
 [ SQL语句 ] : UPDATE `xgx_fb` SET `filepath`='/Public/Upload/2016-12-07/5847cba11276e.jpeg',`filename`='5847cba11276e.jpeg',`hasfile`='1' WHERE ( id= )

[ 2016-12-07T16:43:26+08:00 ] 127.0.0.1 /index.php/Home/Index/dealfabu.html
ERR: 1064:You have an error in your SQL syntax; check the manual that corresponds to your MySQL server version for the right syntax to use near ')' at line 1
 [ SQL语句 ] : UPDATE `xgx_fb` SET `filepath`='/Public/Upload/2016-12-07/5847cbaed53cb.jpeg',`filename`='5847cbaed53cb.jpeg',`hasfile`='1' WHERE ( id= )

[ 2016-12-07T16:44:54+08:00 ] 127.0.0.1 /index.php/Home/Index/dealfabu.html
ERR: 1064:You have an error in your SQL syntax; check the manual that corresponds to your MySQL server version for the right syntax to use near ')' at line 1
 [ SQL语句 ] : UPDATE `xgx_fb` SET `filepath`='/Public/Upload/2016-12-07/5847cc067162d.jpeg',`filename`='5847cc067162d.jpeg',`hasfile`='1' WHERE ( id= )

[ 2016-12-07T16:45:17+08:00 ] 127.0.0.1 /index.php/Home/Index/doAjax.html
INFO: [ app_begin ] --START--
INFO: Run Behavior\ReadHtmlCacheBehavior [ RunTime:0.000000s ]
INFO: [ app_begin ] --END-- [ RunTime:0.000000s ]
SQL: SHOW COLUMNS FROM `xgx_fb` [ RunTime:0.0040s ]
NOTIC: [8] Undefined variable: num D:\phpStudy\WWW\xgxAD\Application\Home\Controller\IndexController.class.php 第 79 行.
INFO: [ app_end ] --START--
INFO: Run Behavior\ShowPageTraceBehavior [ RunTime:0.000000s ]
INFO: [ app_end ] --END-- [ RunTime:0.000000s ]

[ 2016-12-07T16:45:28+08:00 ] 127.0.0.1 /index.php/Home/Index/getAreaByAreaId.html
INFO: [ app_begin ] --START--
INFO: Run Behavior\ReadHtmlCacheBehavior [ RunTime:0.000000s ]
INFO: [ app_begin ] --END-- [ RunTime:0.001000s ]
SQL: SHOW COLUMNS FROM `xgx_area` [ RunTime:0.0040s ]
SQL: SELECT * FROM `xgx_area` WHERE `parent_id` = 5  [ RunTime:0.0040s ]

[ 2016-12-07T16:45:30+08:00 ] 127.0.0.1 /index.php/Home/Index/getAreaByAreaId.html
INFO: [ app_begin ] --START--
INFO: Run Behavior\ReadHtmlCacheBehavior [ RunTime:0.001000s ]
INFO: [ app_begin ] --END-- [ RunTime:0.001000s ]
SQL: SHOW COLUMNS FROM `xgx_area` [ RunTime:0.0030s ]
SQL: SELECT * FROM `xgx_area` WHERE `parent_id` = 62  [ RunTime:0.0030s ]

[ 2016-12-07T16:45:33+08:00 ] 127.0.0.1 /index.php/Home/Index/doAjax.html
INFO: [ app_begin ] --START--
INFO: Run Behavior\ReadHtmlCacheBehavior [ RunTime:0.000000s ]
INFO: [ app_begin ] --END-- [ RunTime:0.001000s ]
SQL: SHOW COLUMNS FROM `xgx_fb` [ RunTime:0.0040s ]
SQL: INSERT INTO `xgx_fb` (`answer1`,`answer2`,`answer3`,`question`,`province_id`,`city_id`,`district_id`,`add_time`,`isright`) VALUES ('4TVTV人','','','','5','62','606','1481100332','4TVTV人') [ RunTime:0.0350s ]
INFO: [ app_end ] --START--
INFO: Run Behavior\ShowPageTraceBehavior [ RunTime:0.001000s ]
INFO: [ app_end ] --END-- [ RunTime:0.001000s ]

[ 2016-12-07T16:56:08+08:00 ] 127.0.0.1 /index.php/Home/Index/getAreaByAreaId.html
INFO: [ app_begin ] --START--
INFO: Run Behavior\ReadHtmlCacheBehavior [ RunTime:0.000000s ]
INFO: [ app_begin ] --END-- [ RunTime:0.000000s ]
SQL: SHOW COLUMNS FROM `xgx_area` [ RunTime:0.0030s ]
SQL: SELECT * FROM `xgx_area` WHERE `parent_id` = 7  [ RunTime:0.0030s ]

[ 2016-12-07T16:56:10+08:00 ] 127.0.0.1 /index.php/Home/Index/getAreaByAreaId.html
INFO: [ app_begin ] --START--
INFO: Run Behavior\ReadHtmlCacheBehavior [ RunTime:0.000000s ]
INFO: [ app_begin ] --END-- [ RunTime:0.001000s ]
SQL: SHOW COLUMNS FROM `xgx_area` [ RunTime:0.0030s ]
SQL: SELECT * FROM `xgx_area` WHERE `parent_id` = 100  [ RunTime:0.0020s ]

[ 2016-12-07T16:56:13+08:00 ] 127.0.0.1 /index.php/Home/Index/doAjax.html
INFO: [ app_begin ] --START--
INFO: Run Behavior\ReadHtmlCacheBehavior [ RunTime:0.000000s ]
INFO: [ app_begin ] --END-- [ RunTime:0.000000s ]
SQL: SHOW COLUMNS FROM `xgx_fb` [ RunTime:0.0030s ]
SQL: INSERT INTO `xgx_fb` (`answer1`,`answer2`,`answer3`,`question`,`province_id`,`city_id`,`district_id`,`add_time`,`isright`) VALUES ('发送到撒地方','是的发送到丰富的胜多负少','杜甫诗发生的发生发生的','发送到发送到','7','100','894','1481100972','杜甫诗发生的发生发生的') [ RunTime:0.0380s ]
INFO: [ app_end ] --START--
INFO: Run Behavior\ShowPageTraceBehavior [ RunTime:0.000000s ]
INFO: [ app_end ] --END-- [ RunTime:0.000000s ]

[ 2016-12-07T16:56:14+08:00 ] 127.0.0.1 /index.php/Home/Index/dealfabu.html
ERR: 1064:You have an error in your SQL syntax; check the manual that corresponds to your MySQL server version for the right syntax to use near ')' at line 1
 [ SQL语句 ] : UPDATE `xgx_fb` SET `filepath`='/Public/Upload/2016-12-07/5847ceaecbf10.jpeg',`filename`='5847ceaecbf10.jpeg',`hasfile`='1' WHERE ( id= )

[ 2016-12-07T16:57:30+08:00 ] 127.0.0.1 /index.php/Home/Index/dealfabu.html
ERR: 1064:You have an error in your SQL syntax; check the manual that corresponds to your MySQL server version for the right syntax to use near ')' at line 1
 [ SQL语句 ] : UPDATE `xgx_fb` SET `filepath`='/Public/Upload/2016-12-07/5847cefaf3174.jpeg',`filename`='5847cefaf3174.jpeg',`hasfile`='1' WHERE ( id= )

[ 2016-12-07T17:05:39+08:00 ] 127.0.0.1 /index.php/Home/Index/doAjax.html
INFO: [ app_begin ] --START--
INFO: Run Behavior\ReadHtmlCacheBehavior [ RunTime:0.001000s ]
INFO: [ app_begin ] --END-- [ RunTime:0.001000s ]
SQL: SHOW COLUMNS FROM `xgx_fb` [ RunTime:0.0030s ]
SQL: INSERT INTO `xgx_fb` (`answer1`,`answer2`,`answer3`,`question`,`province_id`,`city_id`,`district_id`,`add_time`,`isright`) VALUES ('UI一鱼塘','','','我靐','-1','-1','-1','1481101538','UI一鱼塘') [ RunTime:0.0410s ]
INFO: [ app_end ] --START--
INFO: Run Behavior\ShowPageTraceBehavior [ RunTime:0.000000s ]
INFO: [ app_end ] --END-- [ RunTime:0.000000s ]

