[ 2016-11-30T10:22:44+08:00 ] ::1 /xgxAD/index.php/Home/User/sendMsg
INFO: [ app_begin ] --START--
INFO: Run Behavior\ReadHtmlCacheBehavior [ RunTime:0.001000s ]
INFO: [ app_begin ] --END-- [ RunTime:0.001000s ]
NOTIC: [8] A session had already been started - ignoring session_start() D:\phpStudy\WWW\xgxAD\Application\Home\Controller\UserController.class.php 第 63 行.
NOTIC: [8] Undefined index: telephone D:\phpStudy\WWW\xgxAD\Application\Home\Controller\UserController.class.php 第 69 行.
INFO: [ app_end ] --START--
INFO: Run Behavior\ShowPageTraceBehavior [ RunTime:0.000000s ]
INFO: [ app_end ] --END-- [ RunTime:0.001000s ]

[ 2016-11-30T10:23:47+08:00 ] ::1 /xgxAD/index.php/Home/User/sendMsg
INFO: [ app_begin ] --START--
INFO: Run Behavior\ReadHtmlCacheBehavior [ RunTime:0.000000s ]
INFO: [ app_begin ] --END-- [ RunTime:0.001000s ]
NOTIC: [8] A session had already been started - ignoring session_start() D:\phpStudy\WWW\xgxAD\Application\Home\Controller\UserController.class.php 第 63 行.
NOTIC: [8] Undefined index: telephone D:\phpStudy\WWW\xgxAD\Application\Home\Controller\UserController.class.php 第 69 行.
INFO: [ app_end ] --START--
INFO: Run Behavior\ShowPageTraceBehavior [ RunTime:0.001000s ]
INFO: [ app_end ] --END-- [ RunTime:0.001000s ]

[ 2016-11-30T10:27:05+08:00 ] ::1 /xgxAD/index.php/Home/User/sendMsg
INFO: [ app_begin ] --START--
INFO: Run Behavior\ReadHtmlCacheBehavior [ RunTime:0.000000s ]
INFO: [ app_begin ] --END-- [ RunTime:0.000000s ]

[ 2016-11-30T10:31:26+08:00 ] ::1 /xgxAD/index.php/Home/User/sendMsg
INFO: [ app_begin ] --START--
INFO: Run Behavior\ReadHtmlCacheBehavior [ RunTime:0.001000s ]
INFO: [ app_begin ] --END-- [ RunTime:0.001000s ]
NOTIC: [8] A session had already been started - ignoring session_start() D:\phpStudy\WWW\xgxAD\Application\Home\Controller\UserController.class.php 第 63 行.
NOTIC: [8] Undefined index: telephone D:\phpStudy\WWW\xgxAD\Application\Home\Controller\UserController.class.php 第 69 行.
INFO: [ app_end ] --START--
INFO: Run Behavior\ShowPageTraceBehavior [ RunTime:0.001000s ]
INFO: [ app_end ] --END-- [ RunTime:0.001000s ]

[ 2016-11-30T10:34:43+08:00 ] ::1 /xgxAD/index.php/Home/User/sendMsg
INFO: [ app_begin ] --START--
INFO: Run Behavior\ReadHtmlCacheBehavior [ RunTime:0.000000s ]
INFO: [ app_begin ] --END-- [ RunTime:0.001000s ]
NOTIC: [8] A session had already been started - ignoring session_start() D:\phpStudy\WWW\xgxAD\Application\Home\Controller\UserController.class.php 第 63 行.
INFO: [ app_end ] --START--
INFO: Run Behavior\ShowPageTraceBehavior [ RunTime:0.001000s ]
INFO: [ app_end ] --END-- [ RunTime:0.001000s ]

[ 2016-11-30T10:35:31+08:00 ] ::1 /xgxAD/index.php/Home/User/sendMsg
INFO: [ app_begin ] --START--
INFO: Run Behavior\ReadHtmlCacheBehavior [ RunTime:0.000000s ]
INFO: [ app_begin ] --END-- [ RunTime:0.001000s ]
NOTIC: [8] A session had already been started - ignoring session_start() D:\phpStudy\WWW\xgxAD\Application\Home\Controller\UserController.class.php 第 63 行.
INFO: [ app_end ] --START--
INFO: Run Behavior\ShowPageTraceBehavior [ RunTime:0.001000s ]
INFO: [ app_end ] --END-- [ RunTime:0.001000s ]

[ 2016-11-30T11:39:55+08:00 ] ::1 /xgxAD/index.php/Home/User/sendMsg
INFO: [ app_begin ] --START--
INFO: Run Behavior\ReadHtmlCacheBehavior [ RunTime:0.000000s ]
INFO: [ app_begin ] --END-- [ RunTime:0.000000s ]
NOTIC: [8] A session had already been started - ignoring session_start() D:\phpStudy\WWW\xgxAD\Application\Home\Controller\UserController.class.php 第 70 行.
INFO: [ app_end ] --START--
INFO: Run Behavior\ShowPageTraceBehavior [ RunTime:0.001000s ]
INFO: [ app_end ] --END-- [ RunTime:0.001000s ]

[ 2016-11-30T11:41:33+08:00 ] ::1 /xgxAD/index.php/Home/User/sendMsg
INFO: [ app_begin ] --START--
INFO: Run Behavior\ReadHtmlCacheBehavior [ RunTime:0.001000s ]
INFO: [ app_begin ] --END-- [ RunTime:0.001000s ]
NOTIC: [8] A session had already been started - ignoring session_start() D:\phpStudy\WWW\xgxAD\Application\Home\Controller\UserController.class.php 第 70 行.
INFO: [ app_end ] --START--
INFO: Run Behavior\ShowPageTraceBehavior [ RunTime:0.000000s ]
INFO: [ app_end ] --END-- [ RunTime:0.000000s ]

[ 2016-11-30T11:43:17+08:00 ] ::1 /xgxAD/index.php/Home/User/sendMsg
INFO: [ app_begin ] --START--
INFO: Run Behavior\ReadHtmlCacheBehavior [ RunTime:0.001000s ]
INFO: [ app_begin ] --END-- [ RunTime:0.001000s ]
NOTIC: [8] A session had already been started - ignoring session_start() D:\phpStudy\WWW\xgxAD\Application\Home\Controller\UserController.class.php 第 70 行.
INFO: [ app_end ] --START--
INFO: Run Behavior\ShowPageTraceBehavior [ RunTime:0.001000s ]
INFO: [ app_end ] --END-- [ RunTime:0.001000s ]

[ 2016-11-30T11:53:17+08:00 ] ::1 /xgxAD/index.php/Home/User/sendMsg
INFO: [ app_begin ] --START--
INFO: Run Behavior\ReadHtmlCacheBehavior [ RunTime:0.001000s ]
INFO: [ app_begin ] --END-- [ RunTime:0.001000s ]
NOTIC: [8] A session had already been started - ignoring session_start() D:\phpStudy\WWW\xgxAD\Application\Home\Controller\UserController.class.php 第 72 行.
INFO: [ app_end ] --START--
INFO: Run Behavior\ShowPageTraceBehavior [ RunTime:0.001000s ]
INFO: [ app_end ] --END-- [ RunTime:0.001000s ]

[ 2016-11-30T14:01:05+08:00 ] ::1 /xgxAD/index.php/Home/User/sendMsg
INFO: [ app_begin ] --START--
INFO: Run Behavior\ReadHtmlCacheBehavior [ RunTime:0.001000s ]
INFO: [ app_begin ] --END-- [ RunTime:0.001000s ]
NOTIC: [8] A session had already been started - ignoring session_start() D:\phpStudy\WWW\xgxAD\Application\Home\Controller\UserController.class.php 第 72 行.
INFO: [ app_end ] --START--
INFO: Run Behavior\ShowPageTraceBehavior [ RunTime:0.000000s ]
INFO: [ app_end ] --END-- [ RunTime:0.000000s ]

[ 2016-11-30T14:13:40+08:00 ] ::1 /xgxAD/index.php/Home/User/register.html
ERR: 1062:Duplicate entry '小火苗' for key 'nickname'
 [ SQL语句 ] : INSERT INTO `xgx_user` (`telephone`,`password`,`nickname`,`sex`,`age`,`interest`,`add_time`) VALUES ('18952325022','j123456','小火苗','男','26','日光浴 散步','1480486420')

[ 2016-11-30T14:28:42+08:00 ] ::1 /xgxAD/index.php/Home/User/register.html
ERR: 1062:Duplicate entry '小火苗' for key 'nickname'
 [ SQL语句 ] : INSERT INTO `xgx_user` (`telephone`,`password`,`nickname`,`sex`,`age`,`interest`,`add_time`) VALUES ('18952325022','j123456','小火苗','男','26','日光浴 散步','1480487322')

[ 2016-11-30T14:38:02+08:00 ] ::1 /xgxAD/index.php/Home/User/sendMsg
INFO: [ app_begin ] --START--
INFO: Run Behavior\ReadHtmlCacheBehavior [ RunTime:0.000000s ]
INFO: [ app_begin ] --END-- [ RunTime:0.001000s ]
NOTIC: [8] A session had already been started - ignoring session_start() D:\phpStudy\WWW\xgxAD\Application\Home\Controller\UserController.class.php 第 76 行.
INFO: [ app_end ] --START--
INFO: Run Behavior\ShowPageTraceBehavior [ RunTime:0.001000s ]
INFO: [ app_end ] --END-- [ RunTime:0.001000s ]

[ 2016-11-30T15:33:00+08:00 ] ::1 /xgxAD/index.php/Home/User/sendMsg
INFO: [ app_begin ] --START--
INFO: Run Behavior\ReadHtmlCacheBehavior [ RunTime:0.000000s ]
INFO: [ app_begin ] --END-- [ RunTime:0.001000s ]
NOTIC: [8] A session had already been started - ignoring session_start() D:\phpStudy\WWW\xgxAD\Application\Home\Controller\UserController.class.php 第 76 行.
INFO: [ app_end ] --START--
INFO: Run Behavior\ShowPageTraceBehavior [ RunTime:0.000000s ]
INFO: [ app_end ] --END-- [ RunTime:0.000000s ]

[ 2016-11-30T15:57:42+08:00 ] ::1 /xgxAD/index.php/Home/Index/getAreaByAreaId.html
INFO: [ app_begin ] --START--
INFO: Run Behavior\ReadHtmlCacheBehavior [ RunTime:0.000000s ]
INFO: [ app_begin ] --END-- [ RunTime:0.000000s ]
SQL: SHOW COLUMNS FROM `xgx_area` [ RunTime:0.0030s ]
SQL: SELECT * FROM `xgx_area` WHERE `parent_id` = 4  [ RunTime:0.0030s ]

[ 2016-11-30T15:57:45+08:00 ] ::1 /xgxAD/index.php/Home/Index/getAreaByAreaId.html
INFO: [ app_begin ] --START--
INFO: Run Behavior\ReadHtmlCacheBehavior [ RunTime:0.001000s ]
INFO: [ app_begin ] --END-- [ RunTime:0.001000s ]
SQL: SHOW COLUMNS FROM `xgx_area` [ RunTime:0.0050s ]
SQL: SELECT * FROM `xgx_area` WHERE `parent_id` = 55  [ RunTime:0.0030s ]

[ 2016-11-30T16:12:18+08:00 ] ::1 /xgxAD/index.php/Home/Index/getAreaByAreaId.html
INFO: [ app_begin ] --START--
INFO: Run Behavior\ReadHtmlCacheBehavior [ RunTime:0.001000s ]
INFO: [ app_begin ] --END-- [ RunTime:0.001000s ]
SQL: SHOW COLUMNS FROM `xgx_area` [ RunTime:0.0040s ]
SQL: SELECT * FROM `xgx_area` WHERE `parent_id` = 2  [ RunTime:0.0060s ]

[ 2016-11-30T16:12:22+08:00 ] ::1 /xgxAD/index.php/Home/Index/getAreaByAreaId.html
INFO: [ app_begin ] --START--
INFO: Run Behavior\ReadHtmlCacheBehavior [ RunTime:0.000000s ]
INFO: [ app_begin ] --END-- [ RunTime:0.000000s ]
SQL: SHOW COLUMNS FROM `xgx_area` [ RunTime:0.0030s ]
SQL: SELECT * FROM `xgx_area` WHERE `parent_id` = 52  [ RunTime:0.0030s ]

[ 2016-11-30T16:13:06+08:00 ] ::1 /xgxAD/index.php/Home/Index/getAreaByAreaId.html
INFO: [ app_begin ] --START--
INFO: Run Behavior\ReadHtmlCacheBehavior [ RunTime:0.001001s ]
INFO: [ app_begin ] --END-- [ RunTime:0.001001s ]
SQL: SHOW COLUMNS FROM `xgx_area` [ RunTime:0.0030s ]
SQL: SELECT * FROM `xgx_area` WHERE `parent_id` = 4  [ RunTime:0.0030s ]

[ 2016-11-30T16:13:18+08:00 ] ::1 /xgxAD/index.php/Home/Index/getAreaByAreaId.html
INFO: [ app_begin ] --START--
INFO: Run Behavior\ReadHtmlCacheBehavior [ RunTime:0.000000s ]
INFO: [ app_begin ] --END-- [ RunTime:0.002001s ]
SQL: SHOW COLUMNS FROM `xgx_area` [ RunTime:0.0030s ]
SQL: SELECT * FROM `xgx_area` WHERE `parent_id` = 53  [ RunTime:0.0030s ]

[ 2016-11-30T16:14:05+08:00 ] ::1 /xgxAD/index.php/Home/Index/getAreaByAreaId.html
INFO: [ app_begin ] --START--
INFO: Run Behavior\ReadHtmlCacheBehavior [ RunTime:0.000000s ]
INFO: [ app_begin ] --END-- [ RunTime:0.001000s ]
SQL: SHOW COLUMNS FROM `xgx_area` [ RunTime:0.0040s ]
SQL: SELECT * FROM `xgx_area` WHERE `parent_id` = 16  [ RunTime:0.0030s ]

[ 2016-11-30T16:14:15+08:00 ] ::1 /xgxAD/index.php/Home/Index/getAreaByAreaId.html
INFO: [ app_begin ] --START--
INFO: Run Behavior\ReadHtmlCacheBehavior [ RunTime:0.000000s ]
INFO: [ app_begin ] --END-- [ RunTime:0.000000s ]
SQL: SHOW COLUMNS FROM `xgx_area` [ RunTime:0.0030s ]
SQL: SELECT * FROM `xgx_area` WHERE `parent_id` = 220  [ RunTime:0.0030s ]

[ 2016-11-30T16:14:43+08:00 ] ::1 /xgxAD/index.php/Home/Index/getAreaByAreaId.html
INFO: [ app_begin ] --START--
INFO: Run Behavior\ReadHtmlCacheBehavior [ RunTime:0.001000s ]
INFO: [ app_begin ] --END-- [ RunTime:0.001000s ]
SQL: SHOW COLUMNS FROM `xgx_area` [ RunTime:0.0030s ]
SQL: SELECT * FROM `xgx_area` WHERE `parent_id` = 221  [ RunTime:0.0030s ]

[ 2016-11-30T16:14:45+08:00 ] ::1 /xgxAD/index.php/Home/Index/getAreaByAreaId.html
INFO: [ app_begin ] --START--
INFO: Run Behavior\ReadHtmlCacheBehavior [ RunTime:0.001000s ]
INFO: [ app_begin ] --END-- [ RunTime:0.001000s ]
SQL: SHOW COLUMNS FROM `xgx_area` [ RunTime:0.0050s ]
SQL: SELECT * FROM `xgx_area` WHERE `parent_id` = 3  [ RunTime:0.0050s ]

[ 2016-11-30T16:14:48+08:00 ] ::1 /xgxAD/index.php/Home/Index/getAreaByAreaId.html
INFO: [ app_begin ] --START--
INFO: Run Behavior\ReadHtmlCacheBehavior [ RunTime:0.000000s ]
INFO: [ app_begin ] --END-- [ RunTime:0.001000s ]
SQL: SHOW COLUMNS FROM `xgx_area` [ RunTime:0.0040s ]
SQL: SELECT * FROM `xgx_area` WHERE `parent_id` = 2  [ RunTime:0.0040s ]

[ 2016-11-30T16:14:52+08:00 ] ::1 /xgxAD/index.php/Home/Index/getAreaByAreaId.html
INFO: [ app_begin ] --START--
INFO: Run Behavior\ReadHtmlCacheBehavior [ RunTime:0.000000s ]
INFO: [ app_begin ] --END-- [ RunTime:0.000000s ]
SQL: SHOW COLUMNS FROM `xgx_area` [ RunTime:0.0040s ]
SQL: SELECT * FROM `xgx_area` WHERE `parent_id` = 4  [ RunTime:0.0040s ]

[ 2016-11-30T16:14:57+08:00 ] ::1 /xgxAD/index.php/Home/Index/getAreaByAreaId.html
INFO: [ app_begin ] --START--
INFO: Run Behavior\ReadHtmlCacheBehavior [ RunTime:0.000000s ]
INFO: [ app_begin ] --END-- [ RunTime:0.000000s ]
SQL: SHOW COLUMNS FROM `xgx_area` [ RunTime:0.0020s ]
SQL: SELECT * FROM `xgx_area` WHERE `parent_id` = 2  [ RunTime:0.0040s ]

[ 2016-11-30T16:16:09+08:00 ] ::1 /xgxAD/index.php/Home/Index/getAreaByAreaId.html
INFO: [ app_begin ] --START--
INFO: Run Behavior\ReadHtmlCacheBehavior [ RunTime:0.000000s ]
INFO: [ app_begin ] --END-- [ RunTime:0.000000s ]
SQL: SHOW COLUMNS FROM `xgx_area` [ RunTime:0.0030s ]
SQL: SELECT * FROM `xgx_area` WHERE `parent_id` = 16  [ RunTime:0.0030s ]

[ 2016-11-30T16:16:11+08:00 ] ::1 /xgxAD/index.php/Home/Index/getAreaByAreaId.html
INFO: [ app_begin ] --START--
INFO: Run Behavior\ReadHtmlCacheBehavior [ RunTime:0.001001s ]
INFO: [ app_begin ] --END-- [ RunTime:0.001001s ]
SQL: SHOW COLUMNS FROM `xgx_area` [ RunTime:0.0040s ]
SQL: SELECT * FROM `xgx_area` WHERE `parent_id` = 220  [ RunTime:0.0050s ]

